INFO - 2024-01-17 03:54:48 --> Session: Class initialized using 'CodeIgniter\Session\Handlers\FileHandler' driver.
INFO - 2024-01-17 03:54:55 --> Session: Class initialized using 'CodeIgniter\Session\Handlers\FileHandler' driver.
INFO - 2024-01-17 03:54:57 --> Session: Class initialized using 'CodeIgniter\Session\Handlers\FileHandler' driver.
INFO - 2024-01-17 03:57:07 --> Session: Class initialized using 'CodeIgniter\Session\Handlers\FileHandler' driver.
INFO - 2024-01-17 03:59:57 --> Session: Class initialized using 'CodeIgniter\Session\Handlers\FileHandler' driver.
INFO - 2024-01-17 04:00:03 --> Session: Class initialized using 'CodeIgniter\Session\Handlers\FileHandler' driver.
INFO - 2024-01-17 04:00:19 --> Session: Class initialized using 'CodeIgniter\Session\Handlers\FileHandler' driver.
INFO - 2024-01-17 04:00:22 --> Session: Class initialized using 'CodeIgniter\Session\Handlers\FileHandler' driver.
INFO - 2024-01-17 04:00:28 --> Session: Class initialized using 'CodeIgniter\Session\Handlers\FileHandler' driver.
INFO - 2024-01-17 04:00:30 --> Session: Class initialized using 'CodeIgniter\Session\Handlers\FileHandler' driver.
INFO - 2024-01-17 04:00:53 --> Session: Class initialized using 'CodeIgniter\Session\Handlers\FileHandler' driver.
INFO - 2024-01-17 04:11:17 --> Session: Class initialized using 'CodeIgniter\Session\Handlers\FileHandler' driver.
INFO - 2024-01-17 04:11:36 --> Session: Class initialized using 'CodeIgniter\Session\Handlers\FileHandler' driver.
INFO - 2024-01-17 04:12:08 --> Session: Class initialized using 'CodeIgniter\Session\Handlers\FileHandler' driver.
INFO - 2024-01-17 04:12:12 --> Session: Class initialized using 'CodeIgniter\Session\Handlers\FileHandler' driver.
INFO - 2024-01-17 04:12:15 --> Session: Class initialized using 'CodeIgniter\Session\Handlers\FileHandler' driver.
INFO - 2024-01-17 04:17:22 --> Session: Class initialized using 'CodeIgniter\Session\Handlers\FileHandler' driver.
ERROR - 2024-01-17 04:35:35 --> mysqli_sql_exception: Table 'dbmasjid2110018.tbl_donatur' doesn't exist in D:\KULIAH\Semester 5\WEB 2\latihan1\system\Database\MySQLi\Connection.php:306
Stack trace:
#0 D:\KULIAH\Semester 5\WEB 2\latihan1\system\Database\MySQLi\Connection.php(306): mysqli->query('select SUM(kas_...', 0)
#1 D:\KULIAH\Semester 5\WEB 2\latihan1\system\Database\BaseConnection.php(692): CodeIgniter\Database\MySQLi\Connection->execute('select SUM(kas_...')
#2 D:\KULIAH\Semester 5\WEB 2\latihan1\system\Database\BaseConnection.php(606): CodeIgniter\Database\BaseConnection->simpleQuery('select SUM(kas_...')
#3 D:\KULIAH\Semester 5\WEB 2\latihan1\app\Models\ModelKaskeluar.php(32): CodeIgniter\Database\BaseConnection->query('select SUM(kas_...')
#4 D:\KULIAH\Semester 5\WEB 2\latihan1\app\Controllers\Kaskeluar.php(18): App\Models\ModelKaskeluar->gethitunganakyatimmasuk()
#5 D:\KULIAH\Semester 5\WEB 2\latihan1\system\CodeIgniter.php(919): App\Controllers\Kaskeluar->index()
#6 D:\KULIAH\Semester 5\WEB 2\latihan1\system\CodeIgniter.php(494): CodeIgniter\CodeIgniter->runController(Object(App\Controllers\Kaskeluar))
#7 D:\KULIAH\Semester 5\WEB 2\latihan1\system\CodeIgniter.php(353): CodeIgniter\CodeIgniter->handleRequest(NULL, Object(Config\Cache), false)
#8 D:\KULIAH\Semester 5\WEB 2\latihan1\public\index.php(79): CodeIgniter\CodeIgniter->run()
#9 D:\KULIAH\Semester 5\WEB 2\latihan1\system\Commands\Server\rewrite.php(47): require_once('D:\\KULIAH\\Semes...')
#10 {main}
CRITICAL - 2024-01-17 04:35:36 --> Table 'dbmasjid2110018.tbl_donatur' doesn't exist
in SYSTEMPATH\Database\BaseConnection.php on line 646.
 1 APPPATH\Models\ModelKaskeluar.php(32): CodeIgniter\Database\BaseConnection->query('select SUM(kas_masuk) AS total FROM tbl_kas_masjid JOIN tbl_donatur ON iddonaturmasjid =iddonatur WHERE tbl_kas_masjid.jenis_kas = \'Anak Yatim\'')
 2 APPPATH\Controllers\Kaskeluar.php(18): App\Models\ModelKaskeluar->gethitunganakyatimmasuk()
 3 SYSTEMPATH\CodeIgniter.php(919): App\Controllers\Kaskeluar->index()
 4 SYSTEMPATH\CodeIgniter.php(494): CodeIgniter\CodeIgniter->runController(Object(App\Controllers\Kaskeluar))
 5 SYSTEMPATH\CodeIgniter.php(353): CodeIgniter\CodeIgniter->handleRequest(null, Object(Config\Cache), false)
 6 FCPATH\index.php(79): CodeIgniter\CodeIgniter->run()
 7 SYSTEMPATH\Commands\Server\rewrite.php(47): require_once('D:\\KULIAH\\Semester 5\\WEB 2\\latihan1\\public\\index.php')
CRITICAL - 2024-01-17 04:36:05 --> You must set the database table to be used with your query.
in SYSTEMPATH\Database\BaseConnection.php on line 883.
 1 SYSTEMPATH\Model.php(635): CodeIgniter\Database\BaseConnection->table(null)
 2 SYSTEMPATH\Model.php(863): CodeIgniter\Model->builder()
 3 APPPATH\Controllers\Kaskeluar.php(21): CodeIgniter\Model->__call('gethitungmasjidmasuk', [])
 4 SYSTEMPATH\CodeIgniter.php(919): App\Controllers\Kaskeluar->index()
 5 SYSTEMPATH\CodeIgniter.php(494): CodeIgniter\CodeIgniter->runController(Object(App\Controllers\Kaskeluar))
 6 SYSTEMPATH\CodeIgniter.php(353): CodeIgniter\CodeIgniter->handleRequest(null, Object(Config\Cache), false)
 7 FCPATH\index.php(79): CodeIgniter\CodeIgniter->run()
 8 SYSTEMPATH\Commands\Server\rewrite.php(47): require_once('D:\\KULIAH\\Semester 5\\WEB 2\\latihan1\\public\\index.php')
CRITICAL - 2024-01-17 04:38:41 --> You must set the database table to be used with your query.
in SYSTEMPATH\Database\BaseConnection.php on line 883.
 1 SYSTEMPATH\Model.php(635): CodeIgniter\Database\BaseConnection->table(null)
 2 SYSTEMPATH\Model.php(863): CodeIgniter\Model->builder()
 3 APPPATH\Controllers\Kaskeluar.php(21): CodeIgniter\Model->__call('gethitungmasjidmasuk', [])
 4 SYSTEMPATH\CodeIgniter.php(919): App\Controllers\Kaskeluar->index()
 5 SYSTEMPATH\CodeIgniter.php(494): CodeIgniter\CodeIgniter->runController(Object(App\Controllers\Kaskeluar))
 6 SYSTEMPATH\CodeIgniter.php(353): CodeIgniter\CodeIgniter->handleRequest(null, Object(Config\Cache), false)
 7 FCPATH\index.php(79): CodeIgniter\CodeIgniter->run()
 8 SYSTEMPATH\Commands\Server\rewrite.php(47): require_once('D:\\KULIAH\\Semester 5\\WEB 2\\latihan1\\public\\index.php')
INFO - 2024-01-17 04:41:14 --> Session: Class initialized using 'CodeIgniter\Session\Handlers\FileHandler' driver.
INFO - 2024-01-17 04:41:22 --> Session: Class initialized using 'CodeIgniter\Session\Handlers\FileHandler' driver.
INFO - 2024-01-17 04:41:24 --> Session: Class initialized using 'CodeIgniter\Session\Handlers\FileHandler' driver.
CRITICAL - 2024-01-17 04:41:33 --> You must set the database table to be used with your query.
in SYSTEMPATH\Database\BaseConnection.php on line 883.
 1 SYSTEMPATH\Model.php(635): CodeIgniter\Database\BaseConnection->table(null)
 2 SYSTEMPATH\Model.php(863): CodeIgniter\Model->builder()
 3 APPPATH\Controllers\Kaskeluar.php(21): CodeIgniter\Model->__call('gethitungmasjidmasuk', [])
 4 SYSTEMPATH\CodeIgniter.php(919): App\Controllers\Kaskeluar->index()
 5 SYSTEMPATH\CodeIgniter.php(494): CodeIgniter\CodeIgniter->runController(Object(App\Controllers\Kaskeluar))
 6 SYSTEMPATH\CodeIgniter.php(353): CodeIgniter\CodeIgniter->handleRequest(null, Object(Config\Cache), false)
 7 FCPATH\index.php(79): CodeIgniter\CodeIgniter->run()
 8 SYSTEMPATH\Commands\Server\rewrite.php(47): require_once('D:\\KULIAH\\Semester 5\\WEB 2\\latihan1\\public\\index.php')
INFO - 2024-01-17 04:42:31 --> Session: Class initialized using 'CodeIgniter\Session\Handlers\FileHandler' driver.
CRITICAL - 2024-01-17 04:42:31 --> Undefined variable $hitungkasmasukanakyatim
in APPPATH\Views\kaskeluar\v_kaskeluar.php on line 246.
 1 APPPATH\Views\kaskeluar\v_kaskeluar.php(246): CodeIgniter\Debug\Exceptions->errorHandler(2, 'Undefined variable $hitungkasmasukanakyatim', 'D:\\KULIAH\\Semester 5\\WEB 2\\latihan1\\app\\Views\\kaskeluar\\v_kaskeluar.php', 246)
 2 SYSTEMPATH\View\View.php(226): include('D:\\KULIAH\\Semester 5\\WEB 2\\latihan1\\app\\Views\\kaskeluar\\v_kaskeluar.php')
 3 SYSTEMPATH\View\View.php(229): CodeIgniter\View\View->CodeIgniter\View\{closure}()
 4 SYSTEMPATH\Common.php(1188): CodeIgniter\View\View->render('Kaskeluar/v_Kaskeluar', [], true)
 5 APPPATH\Controllers\Kaskeluar.php(19): view('Kaskeluar/v_Kaskeluar', [...])
 6 SYSTEMPATH\CodeIgniter.php(919): App\Controllers\Kaskeluar->index()
 7 SYSTEMPATH\CodeIgniter.php(494): CodeIgniter\CodeIgniter->runController(Object(App\Controllers\Kaskeluar))
 8 SYSTEMPATH\CodeIgniter.php(353): CodeIgniter\CodeIgniter->handleRequest(null, Object(Config\Cache), false)
 9 FCPATH\index.php(79): CodeIgniter\CodeIgniter->run()
10 SYSTEMPATH\Commands\Server\rewrite.php(47): require_once('D:\\KULIAH\\Semester 5\\WEB 2\\latihan1\\public\\index.php')
ERROR - 2024-01-17 04:45:55 --> mysqli_sql_exception: Table 'dbmasjid2110018.tbl_kas_masuk' doesn't exist in D:\KULIAH\Semester 5\WEB 2\latihan1\system\Database\MySQLi\Connection.php:306
Stack trace:
#0 D:\KULIAH\Semester 5\WEB 2\latihan1\system\Database\MySQLi\Connection.php(306): mysqli->query('select SUM(kas_...', 0)
#1 D:\KULIAH\Semester 5\WEB 2\latihan1\system\Database\BaseConnection.php(692): CodeIgniter\Database\MySQLi\Connection->execute('select SUM(kas_...')
#2 D:\KULIAH\Semester 5\WEB 2\latihan1\system\Database\BaseConnection.php(606): CodeIgniter\Database\BaseConnection->simpleQuery('select SUM(kas_...')
#3 D:\KULIAH\Semester 5\WEB 2\latihan1\app\Models\ModelKaskeluar.php(40): CodeIgniter\Database\BaseConnection->query('select SUM(kas_...')
#4 D:\KULIAH\Semester 5\WEB 2\latihan1\app\Controllers\Kaskeluar.php(21): App\Models\ModelKaskeluar->gethitungmasjidmasuk()
#5 D:\KULIAH\Semester 5\WEB 2\latihan1\system\CodeIgniter.php(919): App\Controllers\Kaskeluar->index()
#6 D:\KULIAH\Semester 5\WEB 2\latihan1\system\CodeIgniter.php(494): CodeIgniter\CodeIgniter->runController(Object(App\Controllers\Kaskeluar))
#7 D:\KULIAH\Semester 5\WEB 2\latihan1\system\CodeIgniter.php(353): CodeIgniter\CodeIgniter->handleRequest(NULL, Object(Config\Cache), false)
#8 D:\KULIAH\Semester 5\WEB 2\latihan1\public\index.php(79): CodeIgniter\CodeIgniter->run()
#9 D:\KULIAH\Semester 5\WEB 2\latihan1\system\Commands\Server\rewrite.php(47): require_once('D:\\KULIAH\\Semes...')
#10 {main}
CRITICAL - 2024-01-17 04:45:55 --> Table 'dbmasjid2110018.tbl_kas_masuk' doesn't exist
in SYSTEMPATH\Database\BaseConnection.php on line 646.
 1 APPPATH\Models\ModelKaskeluar.php(40): CodeIgniter\Database\BaseConnection->query('select SUM(kas_masuk) AS total FROM tbl_kas_masuk JOIN donatur ON iddonaturmasjid =iddonatur WHERE tbl_kas_keluar.jenis_kas = \'Masjid\'')
 2 APPPATH\Controllers\Kaskeluar.php(21): App\Models\ModelKaskeluar->gethitungmasjidmasuk()
 3 SYSTEMPATH\CodeIgniter.php(919): App\Controllers\Kaskeluar->index()
 4 SYSTEMPATH\CodeIgniter.php(494): CodeIgniter\CodeIgniter->runController(Object(App\Controllers\Kaskeluar))
 5 SYSTEMPATH\CodeIgniter.php(353): CodeIgniter\CodeIgniter->handleRequest(null, Object(Config\Cache), false)
 6 FCPATH\index.php(79): CodeIgniter\CodeIgniter->run()
 7 SYSTEMPATH\Commands\Server\rewrite.php(47): require_once('D:\\KULIAH\\Semester 5\\WEB 2\\latihan1\\public\\index.php')
ERROR - 2024-01-17 04:46:11 --> mysqli_sql_exception: Table 'dbmasjid2110018.tbl_kas_masuk' doesn't exist in D:\KULIAH\Semester 5\WEB 2\latihan1\system\Database\MySQLi\Connection.php:306
Stack trace:
#0 D:\KULIAH\Semester 5\WEB 2\latihan1\system\Database\MySQLi\Connection.php(306): mysqli->query('select SUM(kas_...', 0)
#1 D:\KULIAH\Semester 5\WEB 2\latihan1\system\Database\BaseConnection.php(692): CodeIgniter\Database\MySQLi\Connection->execute('select SUM(kas_...')
#2 D:\KULIAH\Semester 5\WEB 2\latihan1\system\Database\BaseConnection.php(606): CodeIgniter\Database\BaseConnection->simpleQuery('select SUM(kas_...')
#3 D:\KULIAH\Semester 5\WEB 2\latihan1\app\Models\ModelKaskeluar.php(40): CodeIgniter\Database\BaseConnection->query('select SUM(kas_...')
#4 D:\KULIAH\Semester 5\WEB 2\latihan1\app\Controllers\Kaskeluar.php(21): App\Models\ModelKaskeluar->gethitungmasjidmasuk()
#5 D:\KULIAH\Semester 5\WEB 2\latihan1\system\CodeIgniter.php(919): App\Controllers\Kaskeluar->index()
#6 D:\KULIAH\Semester 5\WEB 2\latihan1\system\CodeIgniter.php(494): CodeIgniter\CodeIgniter->runController(Object(App\Controllers\Kaskeluar))
#7 D:\KULIAH\Semester 5\WEB 2\latihan1\system\CodeIgniter.php(353): CodeIgniter\CodeIgniter->handleRequest(NULL, Object(Config\Cache), false)
#8 D:\KULIAH\Semester 5\WEB 2\latihan1\public\index.php(79): CodeIgniter\CodeIgniter->run()
#9 D:\KULIAH\Semester 5\WEB 2\latihan1\system\Commands\Server\rewrite.php(47): require_once('D:\\KULIAH\\Semes...')
#10 {main}
CRITICAL - 2024-01-17 04:46:11 --> Table 'dbmasjid2110018.tbl_kas_masuk' doesn't exist
in SYSTEMPATH\Database\BaseConnection.php on line 646.
 1 APPPATH\Models\ModelKaskeluar.php(40): CodeIgniter\Database\BaseConnection->query('select SUM(kas_masuk) AS total FROM tbl_kas_masuk JOIN donatur ON iddonaturmasjid =iddonatur WHERE tbl_kas_keluar.jenis_kas = \'Masjid\'')
 2 APPPATH\Controllers\Kaskeluar.php(21): App\Models\ModelKaskeluar->gethitungmasjidmasuk()
 3 SYSTEMPATH\CodeIgniter.php(919): App\Controllers\Kaskeluar->index()
 4 SYSTEMPATH\CodeIgniter.php(494): CodeIgniter\CodeIgniter->runController(Object(App\Controllers\Kaskeluar))
 5 SYSTEMPATH\CodeIgniter.php(353): CodeIgniter\CodeIgniter->handleRequest(null, Object(Config\Cache), false)
 6 FCPATH\index.php(79): CodeIgniter\CodeIgniter->run()
 7 SYSTEMPATH\Commands\Server\rewrite.php(47): require_once('D:\\KULIAH\\Semester 5\\WEB 2\\latihan1\\public\\index.php')
INFO - 2024-01-17 04:46:35 --> Session: Class initialized using 'CodeIgniter\Session\Handlers\FileHandler' driver.
INFO - 2024-01-17 04:52:19 --> Session: Class initialized using 'CodeIgniter\Session\Handlers\FileHandler' driver.
INFO - 2024-01-17 04:52:50 --> Session: Class initialized using 'CodeIgniter\Session\Handlers\FileHandler' driver.
INFO - 2024-01-17 04:53:53 --> Session: Class initialized using 'CodeIgniter\Session\Handlers\FileHandler' driver.
INFO - 2024-01-17 04:58:35 --> Session: Class initialized using 'CodeIgniter\Session\Handlers\FileHandler' driver.
INFO - 2024-01-17 04:58:44 --> Session: Class initialized using 'CodeIgniter\Session\Handlers\FileHandler' driver.
INFO - 2024-01-17 04:59:27 --> Session: Class initialized using 'CodeIgniter\Session\Handlers\FileHandler' driver.
INFO - 2024-01-17 04:59:31 --> Session: Class initialized using 'CodeIgniter\Session\Handlers\FileHandler' driver.
INFO - 2024-01-17 05:00:36 --> Session: Class initialized using 'CodeIgniter\Session\Handlers\FileHandler' driver.
INFO - 2024-01-17 05:00:45 --> Session: Class initialized using 'CodeIgniter\Session\Handlers\FileHandler' driver.
ERROR - 2024-01-17 05:01:09 --> mysqli_sql_exception: Unknown column 'ket' in 'field list' in D:\KULIAH\Semester 5\WEB 2\latihan1\system\Database\MySQLi\Connection.php:306
Stack trace:
#0 D:\KULIAH\Semester 5\WEB 2\latihan1\system\Database\MySQLi\Connection.php(306): mysqli->query('INSERT INTO `tb...', 0)
#1 D:\KULIAH\Semester 5\WEB 2\latihan1\system\Database\BaseConnection.php(692): CodeIgniter\Database\MySQLi\Connection->execute('INSERT INTO `tb...')
#2 D:\KULIAH\Semester 5\WEB 2\latihan1\system\Database\BaseConnection.php(606): CodeIgniter\Database\BaseConnection->simpleQuery('INSERT INTO `tb...')
#3 D:\KULIAH\Semester 5\WEB 2\latihan1\system\Database\BaseBuilder.php(2308): CodeIgniter\Database\BaseConnection->query('INSERT INTO `tb...', Array, false)
#4 D:\KULIAH\Semester 5\WEB 2\latihan1\app\Models\ModelKasmasuk.php(16): CodeIgniter\Database\BaseBuilder->insert(Array)
#5 D:\KULIAH\Semester 5\WEB 2\latihan1\app\Controllers\Kasmasuk.php(42): App\Models\ModelKasmasuk->insertData(Array)
#6 D:\KULIAH\Semester 5\WEB 2\latihan1\system\CodeIgniter.php(919): App\Controllers\Kasmasuk->save()
#7 D:\KULIAH\Semester 5\WEB 2\latihan1\system\CodeIgniter.php(494): CodeIgniter\CodeIgniter->runController(Object(App\Controllers\Kasmasuk))
#8 D:\KULIAH\Semester 5\WEB 2\latihan1\system\CodeIgniter.php(353): CodeIgniter\CodeIgniter->handleRequest(NULL, Object(Config\Cache), false)
#9 D:\KULIAH\Semester 5\WEB 2\latihan1\public\index.php(79): CodeIgniter\CodeIgniter->run()
#10 D:\KULIAH\Semester 5\WEB 2\latihan1\system\Commands\Server\rewrite.php(47): require_once('D:\\KULIAH\\Semes...')
#11 {main}
CRITICAL - 2024-01-17 05:01:09 --> Unknown column 'ket' in 'field list'
in SYSTEMPATH\Database\BaseConnection.php on line 646.
 1 SYSTEMPATH\Database\BaseBuilder.php(2308): CodeIgniter\Database\BaseConnection->query('INSERT INTO `tbl_kas_keluar` (`tanggal`, `ket`, `kas_masuk`, `jenis_kas`, `iddonaturmasjid`) VALUES (:tanggal:, :ket:, :kas_masuk:, :jenis_kas:, :iddonaturmasjid:)', [...], false)
 2 APPPATH\Models\ModelKasmasuk.php(16): CodeIgniter\Database\BaseBuilder->insert([...])
 3 APPPATH\Controllers\Kasmasuk.php(42): App\Models\ModelKasmasuk->insertData([...])
 4 SYSTEMPATH\CodeIgniter.php(919): App\Controllers\Kasmasuk->save()
 5 SYSTEMPATH\CodeIgniter.php(494): CodeIgniter\CodeIgniter->runController(Object(App\Controllers\Kasmasuk))
 6 SYSTEMPATH\CodeIgniter.php(353): CodeIgniter\CodeIgniter->handleRequest(null, Object(Config\Cache), false)
 7 FCPATH\index.php(79): CodeIgniter\CodeIgniter->run()
 8 SYSTEMPATH\Commands\Server\rewrite.php(47): require_once('D:\\KULIAH\\Semester 5\\WEB 2\\latihan1\\public\\index.php')
INFO - 2024-01-17 05:01:43 --> Session: Class initialized using 'CodeIgniter\Session\Handlers\FileHandler' driver.
ERROR - 2024-01-17 05:02:32 --> mysqli_sql_exception: Unknown column 'ket' in 'field list' in D:\KULIAH\Semester 5\WEB 2\latihan1\system\Database\MySQLi\Connection.php:306
Stack trace:
#0 D:\KULIAH\Semester 5\WEB 2\latihan1\system\Database\MySQLi\Connection.php(306): mysqli->query('INSERT INTO `tb...', 0)
#1 D:\KULIAH\Semester 5\WEB 2\latihan1\system\Database\BaseConnection.php(692): CodeIgniter\Database\MySQLi\Connection->execute('INSERT INTO `tb...')
#2 D:\KULIAH\Semester 5\WEB 2\latihan1\system\Database\BaseConnection.php(606): CodeIgniter\Database\BaseConnection->simpleQuery('INSERT INTO `tb...')
#3 D:\KULIAH\Semester 5\WEB 2\latihan1\system\Database\BaseBuilder.php(2308): CodeIgniter\Database\BaseConnection->query('INSERT INTO `tb...', Array, false)
#4 D:\KULIAH\Semester 5\WEB 2\latihan1\app\Models\ModelKasmasuk.php(16): CodeIgniter\Database\BaseBuilder->insert(Array)
#5 D:\KULIAH\Semester 5\WEB 2\latihan1\app\Controllers\Kasmasuk.php(42): App\Models\ModelKasmasuk->insertData(Array)
#6 D:\KULIAH\Semester 5\WEB 2\latihan1\system\CodeIgniter.php(919): App\Controllers\Kasmasuk->save()
#7 D:\KULIAH\Semester 5\WEB 2\latihan1\system\CodeIgniter.php(494): CodeIgniter\CodeIgniter->runController(Object(App\Controllers\Kasmasuk))
#8 D:\KULIAH\Semester 5\WEB 2\latihan1\system\CodeIgniter.php(353): CodeIgniter\CodeIgniter->handleRequest(NULL, Object(Config\Cache), false)
#9 D:\KULIAH\Semester 5\WEB 2\latihan1\public\index.php(79): CodeIgniter\CodeIgniter->run()
#10 D:\KULIAH\Semester 5\WEB 2\latihan1\system\Commands\Server\rewrite.php(47): require_once('D:\\KULIAH\\Semes...')
#11 {main}
CRITICAL - 2024-01-17 05:02:32 --> Unknown column 'ket' in 'field list'
in SYSTEMPATH\Database\BaseConnection.php on line 646.
 1 SYSTEMPATH\Database\BaseBuilder.php(2308): CodeIgniter\Database\BaseConnection->query('INSERT INTO `tbl_kas_keluar` (`tanggal`, `ket`, `kas_masuk`, `jenis_kas`, `iddonaturmasjid`) VALUES (:tanggal:, :ket:, :kas_masuk:, :jenis_kas:, :iddonaturmasjid:)', [...], false)
 2 APPPATH\Models\ModelKasmasuk.php(16): CodeIgniter\Database\BaseBuilder->insert([...])
 3 APPPATH\Controllers\Kasmasuk.php(42): App\Models\ModelKasmasuk->insertData([...])
 4 SYSTEMPATH\CodeIgniter.php(919): App\Controllers\Kasmasuk->save()
 5 SYSTEMPATH\CodeIgniter.php(494): CodeIgniter\CodeIgniter->runController(Object(App\Controllers\Kasmasuk))
 6 SYSTEMPATH\CodeIgniter.php(353): CodeIgniter\CodeIgniter->handleRequest(null, Object(Config\Cache), false)
 7 FCPATH\index.php(79): CodeIgniter\CodeIgniter->run()
 8 SYSTEMPATH\Commands\Server\rewrite.php(47): require_once('D:\\KULIAH\\Semester 5\\WEB 2\\latihan1\\public\\index.php')
INFO - 2024-01-17 05:03:34 --> Session: Class initialized using 'CodeIgniter\Session\Handlers\FileHandler' driver.
INFO - 2024-01-17 05:03:55 --> Session: Class initialized using 'CodeIgniter\Session\Handlers\FileHandler' driver.
INFO - 2024-01-17 05:04:20 --> Session: Class initialized using 'CodeIgniter\Session\Handlers\FileHandler' driver.
ERROR - 2024-01-17 05:04:35 --> mysqli_sql_exception: Unknown column 'kas_keluar' in 'field list' in D:\KULIAH\Semester 5\WEB 2\latihan1\system\Database\MySQLi\Connection.php:306
Stack trace:
#0 D:\KULIAH\Semester 5\WEB 2\latihan1\system\Database\MySQLi\Connection.php(306): mysqli->query('UPDATE `tbl_kas...', 0)
#1 D:\KULIAH\Semester 5\WEB 2\latihan1\system\Database\BaseConnection.php(692): CodeIgniter\Database\MySQLi\Connection->execute('UPDATE `tbl_kas...')
#2 D:\KULIAH\Semester 5\WEB 2\latihan1\system\Database\BaseConnection.php(606): CodeIgniter\Database\BaseConnection->simpleQuery('UPDATE `tbl_kas...')
#3 D:\KULIAH\Semester 5\WEB 2\latihan1\system\Database\BaseBuilder.php(2475): CodeIgniter\Database\BaseConnection->query('UPDATE `tbl_kas...', Array, false)
#4 D:\KULIAH\Semester 5\WEB 2\latihan1\app\Models\ModelKasmasuk.php(25): CodeIgniter\Database\BaseBuilder->update(Array, Array)
#5 D:\KULIAH\Semester 5\WEB 2\latihan1\app\Controllers\Kasmasuk.php(64): App\Models\ModelKasmasuk->updateKasmasuk(Array, '20')
#6 D:\KULIAH\Semester 5\WEB 2\latihan1\system\CodeIgniter.php(919): App\Controllers\Kasmasuk->update()
#7 D:\KULIAH\Semester 5\WEB 2\latihan1\system\CodeIgniter.php(494): CodeIgniter\CodeIgniter->runController(Object(App\Controllers\Kasmasuk))
#8 D:\KULIAH\Semester 5\WEB 2\latihan1\system\CodeIgniter.php(353): CodeIgniter\CodeIgniter->handleRequest(NULL, Object(Config\Cache), false)
#9 D:\KULIAH\Semester 5\WEB 2\latihan1\public\index.php(79): CodeIgniter\CodeIgniter->run()
#10 D:\KULIAH\Semester 5\WEB 2\latihan1\system\Commands\Server\rewrite.php(47): require_once('D:\\KULIAH\\Semes...')
#11 {main}
CRITICAL - 2024-01-17 05:04:35 --> Unknown column 'kas_keluar' in 'field list'
in SYSTEMPATH\Database\BaseConnection.php on line 646.
 1 SYSTEMPATH\Database\BaseBuilder.php(2475): CodeIgniter\Database\BaseConnection->query('UPDATE `tbl_kas_masjid` SET `tanggal` = :tanggal:, `ket` = :ket:, `kas_masuk` = :kas_masuk:, `kas_keluar` = :kas_keluar:, `jenis_kas` = :jenis_kas:, `status` = :status:, `iddonaturmasjid` = :iddonaturmasjid:
WHERE `id_kas_masjid` = :id_kas_masjid:', [...], false)
 2 APPPATH\Models\ModelKasmasuk.php(25): CodeIgniter\Database\BaseBuilder->update([...], [...])
 3 APPPATH\Controllers\Kasmasuk.php(64): App\Models\ModelKasmasuk->updateKasmasuk([...], '20')
 4 SYSTEMPATH\CodeIgniter.php(919): App\Controllers\Kasmasuk->update()
 5 SYSTEMPATH\CodeIgniter.php(494): CodeIgniter\CodeIgniter->runController(Object(App\Controllers\Kasmasuk))
 6 SYSTEMPATH\CodeIgniter.php(353): CodeIgniter\CodeIgniter->handleRequest(null, Object(Config\Cache), false)
 7 FCPATH\index.php(79): CodeIgniter\CodeIgniter->run()
 8 SYSTEMPATH\Commands\Server\rewrite.php(47): require_once('D:\\KULIAH\\Semester 5\\WEB 2\\latihan1\\public\\index.php')
INFO - 2024-01-17 05:05:23 --> Session: Class initialized using 'CodeIgniter\Session\Handlers\FileHandler' driver.
ERROR - 2024-01-17 05:05:36 --> mysqli_sql_exception: Unknown column 'status' in 'field list' in D:\KULIAH\Semester 5\WEB 2\latihan1\system\Database\MySQLi\Connection.php:306
Stack trace:
#0 D:\KULIAH\Semester 5\WEB 2\latihan1\system\Database\MySQLi\Connection.php(306): mysqli->query('UPDATE `tbl_kas...', 0)
#1 D:\KULIAH\Semester 5\WEB 2\latihan1\system\Database\BaseConnection.php(692): CodeIgniter\Database\MySQLi\Connection->execute('UPDATE `tbl_kas...')
#2 D:\KULIAH\Semester 5\WEB 2\latihan1\system\Database\BaseConnection.php(606): CodeIgniter\Database\BaseConnection->simpleQuery('UPDATE `tbl_kas...')
#3 D:\KULIAH\Semester 5\WEB 2\latihan1\system\Database\BaseBuilder.php(2475): CodeIgniter\Database\BaseConnection->query('UPDATE `tbl_kas...', Array, false)
#4 D:\KULIAH\Semester 5\WEB 2\latihan1\app\Models\ModelKasmasuk.php(25): CodeIgniter\Database\BaseBuilder->update(Array, Array)
#5 D:\KULIAH\Semester 5\WEB 2\latihan1\app\Controllers\Kasmasuk.php(64): App\Models\ModelKasmasuk->updateKasmasuk(Array, '20')
#6 D:\KULIAH\Semester 5\WEB 2\latihan1\system\CodeIgniter.php(919): App\Controllers\Kasmasuk->update()
#7 D:\KULIAH\Semester 5\WEB 2\latihan1\system\CodeIgniter.php(494): CodeIgniter\CodeIgniter->runController(Object(App\Controllers\Kasmasuk))
#8 D:\KULIAH\Semester 5\WEB 2\latihan1\system\CodeIgniter.php(353): CodeIgniter\CodeIgniter->handleRequest(NULL, Object(Config\Cache), false)
#9 D:\KULIAH\Semester 5\WEB 2\latihan1\public\index.php(79): CodeIgniter\CodeIgniter->run()
#10 D:\KULIAH\Semester 5\WEB 2\latihan1\system\Commands\Server\rewrite.php(47): require_once('D:\\KULIAH\\Semes...')
#11 {main}
CRITICAL - 2024-01-17 05:05:36 --> Unknown column 'status' in 'field list'
in SYSTEMPATH\Database\BaseConnection.php on line 646.
 1 SYSTEMPATH\Database\BaseBuilder.php(2475): CodeIgniter\Database\BaseConnection->query('UPDATE `tbl_kas_masjid` SET `tanggal` = :tanggal:, `ket` = :ket:, `kas_masuk` = :kas_masuk:, `jenis_kas` = :jenis_kas:, `status` = :status:, `iddonaturmasjid` = :iddonaturmasjid:
WHERE `id_kas_masjid` = :id_kas_masjid:', [...], false)
 2 APPPATH\Models\ModelKasmasuk.php(25): CodeIgniter\Database\BaseBuilder->update([...], [...])
 3 APPPATH\Controllers\Kasmasuk.php(64): App\Models\ModelKasmasuk->updateKasmasuk([...], '20')
 4 SYSTEMPATH\CodeIgniter.php(919): App\Controllers\Kasmasuk->update()
 5 SYSTEMPATH\CodeIgniter.php(494): CodeIgniter\CodeIgniter->runController(Object(App\Controllers\Kasmasuk))
 6 SYSTEMPATH\CodeIgniter.php(353): CodeIgniter\CodeIgniter->handleRequest(null, Object(Config\Cache), false)
 7 FCPATH\index.php(79): CodeIgniter\CodeIgniter->run()
 8 SYSTEMPATH\Commands\Server\rewrite.php(47): require_once('D:\\KULIAH\\Semester 5\\WEB 2\\latihan1\\public\\index.php')
INFO - 2024-01-17 05:05:46 --> Session: Class initialized using 'CodeIgniter\Session\Handlers\FileHandler' driver.
INFO - 2024-01-17 05:05:57 --> Session: Class initialized using 'CodeIgniter\Session\Handlers\FileHandler' driver.
INFO - 2024-01-17 05:06:12 --> Session: Class initialized using 'CodeIgniter\Session\Handlers\FileHandler' driver.
INFO - 2024-01-17 05:06:53 --> Session: Class initialized using 'CodeIgniter\Session\Handlers\FileHandler' driver.
INFO - 2024-01-17 05:07:41 --> Session: Class initialized using 'CodeIgniter\Session\Handlers\FileHandler' driver.
INFO - 2024-01-17 05:07:53 --> Session: Class initialized using 'CodeIgniter\Session\Handlers\FileHandler' driver.
INFO - 2024-01-17 05:08:15 --> Session: Class initialized using 'CodeIgniter\Session\Handlers\FileHandler' driver.
INFO - 2024-01-17 05:08:27 --> Session: Class initialized using 'CodeIgniter\Session\Handlers\FileHandler' driver.
CRITICAL - 2024-01-17 05:16:23 --> Undefined variable $sisa
in APPPATH\Views\kaskeluar\v_kaskeluar.php on line 129.
 1 APPPATH\Views\kaskeluar\v_kaskeluar.php(129): CodeIgniter\Debug\Exceptions->errorHandler(2, 'Undefined variable $sisa', 'D:\\KULIAH\\Semester 5\\WEB 2\\latihan1\\app\\Views\\kaskeluar\\v_kaskeluar.php', 129)
 2 SYSTEMPATH\View\View.php(226): include('D:\\KULIAH\\Semester 5\\WEB 2\\latihan1\\app\\Views\\kaskeluar\\v_kaskeluar.php')
 3 SYSTEMPATH\View\View.php(229): CodeIgniter\View\View->CodeIgniter\View\{closure}()
 4 SYSTEMPATH\Common.php(1188): CodeIgniter\View\View->render('Kaskeluar/v_Kaskeluar', [], true)
 5 APPPATH\Controllers\Kaskeluar.php(31): view('Kaskeluar/v_Kaskeluar', [...])
 6 SYSTEMPATH\CodeIgniter.php(919): App\Controllers\Kaskeluar->index()
 7 SYSTEMPATH\CodeIgniter.php(494): CodeIgniter\CodeIgniter->runController(Object(App\Controllers\Kaskeluar))
 8 SYSTEMPATH\CodeIgniter.php(353): CodeIgniter\CodeIgniter->handleRequest(null, Object(Config\Cache), false)
 9 FCPATH\index.php(79): CodeIgniter\CodeIgniter->run()
10 SYSTEMPATH\Commands\Server\rewrite.php(47): require_once('D:\\KULIAH\\Semester 5\\WEB 2\\latihan1\\public\\index.php')
INFO - 2024-01-17 05:16:55 --> Session: Class initialized using 'CodeIgniter\Session\Handlers\FileHandler' driver.
CRITICAL - 2024-01-17 05:21:51 --> syntax error, unexpected token "}", expecting "," or ";"
in APPPATH\Controllers\Kaskeluar.php on line 42.
 1 SYSTEMPATH\Router\Router.php(512): CodeIgniter\Router\AutoRouter->getRoute('Kaskeluar/index', 'get')
 2 SYSTEMPATH\Router\Router.php(208): CodeIgniter\Router\Router->autoRoute('Kaskeluar/index')
 3 SYSTEMPATH\CodeIgniter.php(800): CodeIgniter\Router\Router->handle('Kaskeluar/index')
 4 SYSTEMPATH\CodeIgniter.php(442): CodeIgniter\CodeIgniter->tryToRouteIt(Object(CodeIgniter\Router\RouteCollection))
 5 SYSTEMPATH\CodeIgniter.php(353): CodeIgniter\CodeIgniter->handleRequest(null, Object(Config\Cache), false)
 6 FCPATH\index.php(79): CodeIgniter\CodeIgniter->run()
 7 SYSTEMPATH\Commands\Server\rewrite.php(47): require_once('D:\\KULIAH\\Semester 5\\WEB 2\\latihan1\\public\\index.php')
CRITICAL - 2024-01-17 05:22:42 --> syntax error, unexpected token "}", expecting "," or ";"
in APPPATH\Controllers\Kaskeluar.php on line 42.
 1 SYSTEMPATH\Router\Router.php(512): CodeIgniter\Router\AutoRouter->getRoute('Kaskeluar/index', 'get')
 2 SYSTEMPATH\Router\Router.php(208): CodeIgniter\Router\Router->autoRoute('Kaskeluar/index')
 3 SYSTEMPATH\CodeIgniter.php(800): CodeIgniter\Router\Router->handle('Kaskeluar/index')
 4 SYSTEMPATH\CodeIgniter.php(442): CodeIgniter\CodeIgniter->tryToRouteIt(Object(CodeIgniter\Router\RouteCollection))
 5 SYSTEMPATH\CodeIgniter.php(353): CodeIgniter\CodeIgniter->handleRequest(null, Object(Config\Cache), false)
 6 FCPATH\index.php(79): CodeIgniter\CodeIgniter->run()
 7 SYSTEMPATH\Commands\Server\rewrite.php(47): require_once('D:\\KULIAH\\Semester 5\\WEB 2\\latihan1\\public\\index.php')
INFO - 2024-01-17 05:23:31 --> Session: Class initialized using 'CodeIgniter\Session\Handlers\FileHandler' driver.
CRITICAL - 2024-01-17 05:23:31 --> Undefined variable $sisa
in APPPATH\Views\kaskeluar\v_kaskeluar.php on line 254.
 1 APPPATH\Views\kaskeluar\v_kaskeluar.php(254): CodeIgniter\Debug\Exceptions->errorHandler(2, 'Undefined variable $sisa', 'D:\\KULIAH\\Semester 5\\WEB 2\\latihan1\\app\\Views\\kaskeluar\\v_kaskeluar.php', 254)
 2 SYSTEMPATH\View\View.php(226): include('D:\\KULIAH\\Semester 5\\WEB 2\\latihan1\\app\\Views\\kaskeluar\\v_kaskeluar.php')
 3 SYSTEMPATH\View\View.php(229): CodeIgniter\View\View->CodeIgniter\View\{closure}()
 4 SYSTEMPATH\Common.php(1188): CodeIgniter\View\View->render('Kaskeluar/v_Kaskeluar', [], true)
 5 APPPATH\Controllers\Kaskeluar.php(31): view('Kaskeluar/v_Kaskeluar', [...])
 6 SYSTEMPATH\CodeIgniter.php(919): App\Controllers\Kaskeluar->index()
 7 SYSTEMPATH\CodeIgniter.php(494): CodeIgniter\CodeIgniter->runController(Object(App\Controllers\Kaskeluar))
 8 SYSTEMPATH\CodeIgniter.php(353): CodeIgniter\CodeIgniter->handleRequest(null, Object(Config\Cache), false)
 9 FCPATH\index.php(79): CodeIgniter\CodeIgniter->run()
10 SYSTEMPATH\Commands\Server\rewrite.php(47): require_once('D:\\KULIAH\\Semester 5\\WEB 2\\latihan1\\public\\index.php')
INFO - 2024-01-17 05:24:33 --> Session: Class initialized using 'CodeIgniter\Session\Handlers\FileHandler' driver.
CRITICAL - 2024-01-17 05:24:33 --> Undefined variable $sisa
in APPPATH\Views\kaskeluar\v_kaskeluar.php on line 254.
 1 APPPATH\Views\kaskeluar\v_kaskeluar.php(254): CodeIgniter\Debug\Exceptions->errorHandler(2, 'Undefined variable $sisa', 'D:\\KULIAH\\Semester 5\\WEB 2\\latihan1\\app\\Views\\kaskeluar\\v_kaskeluar.php', 254)
 2 SYSTEMPATH\View\View.php(226): include('D:\\KULIAH\\Semester 5\\WEB 2\\latihan1\\app\\Views\\kaskeluar\\v_kaskeluar.php')
 3 SYSTEMPATH\View\View.php(229): CodeIgniter\View\View->CodeIgniter\View\{closure}()
 4 SYSTEMPATH\Common.php(1188): CodeIgniter\View\View->render('Kaskeluar/v_Kaskeluar', [], true)
 5 APPPATH\Controllers\Kaskeluar.php(31): view('Kaskeluar/v_Kaskeluar', [...])
 6 SYSTEMPATH\CodeIgniter.php(919): App\Controllers\Kaskeluar->index()
 7 SYSTEMPATH\CodeIgniter.php(494): CodeIgniter\CodeIgniter->runController(Object(App\Controllers\Kaskeluar))
 8 SYSTEMPATH\CodeIgniter.php(353): CodeIgniter\CodeIgniter->handleRequest(null, Object(Config\Cache), false)
 9 FCPATH\index.php(79): CodeIgniter\CodeIgniter->run()
10 SYSTEMPATH\Commands\Server\rewrite.php(47): require_once('D:\\KULIAH\\Semester 5\\WEB 2\\latihan1\\public\\index.php')
INFO - 2024-01-17 05:24:38 --> Session: Class initialized using 'CodeIgniter\Session\Handlers\FileHandler' driver.
CRITICAL - 2024-01-17 05:24:38 --> Undefined variable $sisa
in APPPATH\Views\kaskeluar\v_kaskeluar.php on line 254.
 1 APPPATH\Views\kaskeluar\v_kaskeluar.php(254): CodeIgniter\Debug\Exceptions->errorHandler(2, 'Undefined variable $sisa', 'D:\\KULIAH\\Semester 5\\WEB 2\\latihan1\\app\\Views\\kaskeluar\\v_kaskeluar.php', 254)
 2 SYSTEMPATH\View\View.php(226): include('D:\\KULIAH\\Semester 5\\WEB 2\\latihan1\\app\\Views\\kaskeluar\\v_kaskeluar.php')
 3 SYSTEMPATH\View\View.php(229): CodeIgniter\View\View->CodeIgniter\View\{closure}()
 4 SYSTEMPATH\Common.php(1188): CodeIgniter\View\View->render('Kaskeluar/v_Kaskeluar', [], true)
 5 APPPATH\Controllers\Kaskeluar.php(31): view('Kaskeluar/v_Kaskeluar', [...])
 6 SYSTEMPATH\CodeIgniter.php(919): App\Controllers\Kaskeluar->index()
 7 SYSTEMPATH\CodeIgniter.php(494): CodeIgniter\CodeIgniter->runController(Object(App\Controllers\Kaskeluar))
 8 SYSTEMPATH\CodeIgniter.php(353): CodeIgniter\CodeIgniter->handleRequest(null, Object(Config\Cache), false)
 9 FCPATH\index.php(79): CodeIgniter\CodeIgniter->run()
10 SYSTEMPATH\Commands\Server\rewrite.php(47): require_once('D:\\KULIAH\\Semester 5\\WEB 2\\latihan1\\public\\index.php')
INFO - 2024-01-17 05:24:59 --> Session: Class initialized using 'CodeIgniter\Session\Handlers\FileHandler' driver.
CRITICAL - 2024-01-17 05:24:59 --> Undefined variable $sisa
in APPPATH\Views\kaskeluar\v_kaskeluar.php on line 254.
 1 APPPATH\Views\kaskeluar\v_kaskeluar.php(254): CodeIgniter\Debug\Exceptions->errorHandler(2, 'Undefined variable $sisa', 'D:\\KULIAH\\Semester 5\\WEB 2\\latihan1\\app\\Views\\kaskeluar\\v_kaskeluar.php', 254)
 2 SYSTEMPATH\View\View.php(226): include('D:\\KULIAH\\Semester 5\\WEB 2\\latihan1\\app\\Views\\kaskeluar\\v_kaskeluar.php')
 3 SYSTEMPATH\View\View.php(229): CodeIgniter\View\View->CodeIgniter\View\{closure}()
 4 SYSTEMPATH\Common.php(1188): CodeIgniter\View\View->render('Kaskeluar/v_Kaskeluar', [], true)
 5 APPPATH\Controllers\Kaskeluar.php(31): view('Kaskeluar/v_Kaskeluar', [...])
 6 SYSTEMPATH\CodeIgniter.php(919): App\Controllers\Kaskeluar->index()
 7 SYSTEMPATH\CodeIgniter.php(494): CodeIgniter\CodeIgniter->runController(Object(App\Controllers\Kaskeluar))
 8 SYSTEMPATH\CodeIgniter.php(353): CodeIgniter\CodeIgniter->handleRequest(null, Object(Config\Cache), false)
 9 FCPATH\index.php(79): CodeIgniter\CodeIgniter->run()
10 SYSTEMPATH\Commands\Server\rewrite.php(47): require_once('D:\\KULIAH\\Semester 5\\WEB 2\\latihan1\\public\\index.php')
INFO - 2024-01-17 05:26:29 --> Session: Class initialized using 'CodeIgniter\Session\Handlers\FileHandler' driver.
INFO - 2024-01-17 05:27:15 --> Session: Class initialized using 'CodeIgniter\Session\Handlers\FileHandler' driver.
INFO - 2024-01-17 05:27:41 --> Session: Class initialized using 'CodeIgniter\Session\Handlers\FileHandler' driver.
INFO - 2024-01-17 05:27:48 --> Session: Class initialized using 'CodeIgniter\Session\Handlers\FileHandler' driver.
INFO - 2024-01-17 05:28:56 --> Session: Class initialized using 'CodeIgniter\Session\Handlers\FileHandler' driver.
INFO - 2024-01-17 05:30:24 --> Session: Class initialized using 'CodeIgniter\Session\Handlers\FileHandler' driver.
INFO - 2024-01-17 05:30:38 --> Session: Class initialized using 'CodeIgniter\Session\Handlers\FileHandler' driver.
INFO - 2024-01-17 05:30:48 --> Session: Class initialized using 'CodeIgniter\Session\Handlers\FileHandler' driver.
INFO - 2024-01-17 05:30:51 --> Session: Class initialized using 'CodeIgniter\Session\Handlers\FileHandler' driver.
INFO - 2024-01-17 05:31:25 --> Session: Class initialized using 'CodeIgniter\Session\Handlers\FileHandler' driver.
INFO - 2024-01-17 05:33:38 --> Session: Class initialized using 'CodeIgniter\Session\Handlers\FileHandler' driver.
INFO - 2024-01-17 05:34:02 --> Session: Class initialized using 'CodeIgniter\Session\Handlers\FileHandler' driver.
INFO - 2024-01-17 05:34:10 --> Session: Class initialized using 'CodeIgniter\Session\Handlers\FileHandler' driver.
INFO - 2024-01-17 05:34:49 --> Session: Class initialized using 'CodeIgniter\Session\Handlers\FileHandler' driver.
INFO - 2024-01-17 05:35:06 --> Session: Class initialized using 'CodeIgniter\Session\Handlers\FileHandler' driver.
INFO - 2024-01-17 06:12:01 --> Session: Class initialized using 'CodeIgniter\Session\Handlers\FileHandler' driver.
INFO - 2024-01-17 06:13:35 --> Session: Class initialized using 'CodeIgniter\Session\Handlers\FileHandler' driver.
INFO - 2024-01-17 06:15:06 --> Session: Class initialized using 'CodeIgniter\Session\Handlers\FileHandler' driver.
CRITICAL - 2024-01-17 06:19:51 --> syntax error, unexpected token "foreach"
in APPPATH\Views\kasmasuk\v_kasmasuk.php on line 320.
 1 SYSTEMPATH\View\View.php(229): CodeIgniter\View\View->CodeIgniter\View\{closure}()
 2 SYSTEMPATH\Common.php(1188): CodeIgniter\View\View->render('Kasmasuk/v_kasmasuk', [], true)
 3 APPPATH\Controllers\Kasmasuk.php(14): view('Kasmasuk/v_kasmasuk', [...])
 4 SYSTEMPATH\CodeIgniter.php(919): App\Controllers\Kasmasuk->index()
 5 SYSTEMPATH\CodeIgniter.php(494): CodeIgniter\CodeIgniter->runController(Object(App\Controllers\Kasmasuk))
 6 SYSTEMPATH\CodeIgniter.php(353): CodeIgniter\CodeIgniter->handleRequest(null, Object(Config\Cache), false)
 7 FCPATH\index.php(79): CodeIgniter\CodeIgniter->run()
 8 SYSTEMPATH\Commands\Server\rewrite.php(47): require_once('D:\\KULIAH\\Semester 5\\WEB 2\\latihan1\\public\\index.php')
INFO - 2024-01-17 06:20:36 --> Session: Class initialized using 'CodeIgniter\Session\Handlers\FileHandler' driver.
CRITICAL - 2024-01-17 06:20:36 --> Undefined variable $hitungkasmasukanakyatim
in APPPATH\Views\kasmasuk\v_kasmasuk.php on line 320.
 1 APPPATH\Views\kasmasuk\v_kasmasuk.php(320): CodeIgniter\Debug\Exceptions->errorHandler(2, 'Undefined variable $hitungkasmasukanakyatim', 'D:\\KULIAH\\Semester 5\\WEB 2\\latihan1\\app\\Views\\kasmasuk\\v_kasmasuk.php', 320)
 2 SYSTEMPATH\View\View.php(226): include('D:\\KULIAH\\Semester 5\\WEB 2\\latihan1\\app\\Views\\kasmasuk\\v_kasmasuk.php')
 3 SYSTEMPATH\View\View.php(229): CodeIgniter\View\View->CodeIgniter\View\{closure}()
 4 SYSTEMPATH\Common.php(1188): CodeIgniter\View\View->render('Kasmasuk/v_kasmasuk', [], true)
 5 APPPATH\Controllers\Kasmasuk.php(14): view('Kasmasuk/v_kasmasuk', [...])
 6 SYSTEMPATH\CodeIgniter.php(919): App\Controllers\Kasmasuk->index()
 7 SYSTEMPATH\CodeIgniter.php(494): CodeIgniter\CodeIgniter->runController(Object(App\Controllers\Kasmasuk))
 8 SYSTEMPATH\CodeIgniter.php(353): CodeIgniter\CodeIgniter->handleRequest(null, Object(Config\Cache), false)
 9 FCPATH\index.php(79): CodeIgniter\CodeIgniter->run()
10 SYSTEMPATH\Commands\Server\rewrite.php(47): require_once('D:\\KULIAH\\Semester 5\\WEB 2\\latihan1\\public\\index.php')
INFO - 2024-01-17 06:22:05 --> Session: Class initialized using 'CodeIgniter\Session\Handlers\FileHandler' driver.
CRITICAL - 2024-01-17 06:22:05 --> Undefined variable $hitungkasmasukanakyatim
in APPPATH\Views\kasmasuk\v_kasmasuk.php on line 320.
 1 APPPATH\Views\kasmasuk\v_kasmasuk.php(320): CodeIgniter\Debug\Exceptions->errorHandler(2, 'Undefined variable $hitungkasmasukanakyatim', 'D:\\KULIAH\\Semester 5\\WEB 2\\latihan1\\app\\Views\\kasmasuk\\v_kasmasuk.php', 320)
 2 SYSTEMPATH\View\View.php(226): include('D:\\KULIAH\\Semester 5\\WEB 2\\latihan1\\app\\Views\\kasmasuk\\v_kasmasuk.php')
 3 SYSTEMPATH\View\View.php(229): CodeIgniter\View\View->CodeIgniter\View\{closure}()
 4 SYSTEMPATH\Common.php(1188): CodeIgniter\View\View->render('Kasmasuk/v_kasmasuk', [], true)
 5 APPPATH\Controllers\Kasmasuk.php(14): view('Kasmasuk/v_kasmasuk', [...])
 6 SYSTEMPATH\CodeIgniter.php(919): App\Controllers\Kasmasuk->index()
 7 SYSTEMPATH\CodeIgniter.php(494): CodeIgniter\CodeIgniter->runController(Object(App\Controllers\Kasmasuk))
 8 SYSTEMPATH\CodeIgniter.php(353): CodeIgniter\CodeIgniter->handleRequest(null, Object(Config\Cache), false)
 9 FCPATH\index.php(79): CodeIgniter\CodeIgniter->run()
10 SYSTEMPATH\Commands\Server\rewrite.php(47): require_once('D:\\KULIAH\\Semester 5\\WEB 2\\latihan1\\public\\index.php')
INFO - 2024-01-17 06:23:27 --> Session: Class initialized using 'CodeIgniter\Session\Handlers\FileHandler' driver.
CRITICAL - 2024-01-17 06:23:27 --> Undefined variable $hitungkasmasukanakyatim
in APPPATH\Views\kasmasuk\v_kasmasuk.php on line 320.
 1 APPPATH\Views\kasmasuk\v_kasmasuk.php(320): CodeIgniter\Debug\Exceptions->errorHandler(2, 'Undefined variable $hitungkasmasukanakyatim', 'D:\\KULIAH\\Semester 5\\WEB 2\\latihan1\\app\\Views\\kasmasuk\\v_kasmasuk.php', 320)
 2 SYSTEMPATH\View\View.php(226): include('D:\\KULIAH\\Semester 5\\WEB 2\\latihan1\\app\\Views\\kasmasuk\\v_kasmasuk.php')
 3 SYSTEMPATH\View\View.php(229): CodeIgniter\View\View->CodeIgniter\View\{closure}()
 4 SYSTEMPATH\Common.php(1188): CodeIgniter\View\View->render('Kasmasuk/v_kasmasuk', [], true)
 5 APPPATH\Controllers\Kasmasuk.php(14): view('Kasmasuk/v_kasmasuk', [...])
 6 SYSTEMPATH\CodeIgniter.php(919): App\Controllers\Kasmasuk->index()
 7 SYSTEMPATH\CodeIgniter.php(494): CodeIgniter\CodeIgniter->runController(Object(App\Controllers\Kasmasuk))
 8 SYSTEMPATH\CodeIgniter.php(353): CodeIgniter\CodeIgniter->handleRequest(null, Object(Config\Cache), false)
 9 FCPATH\index.php(79): CodeIgniter\CodeIgniter->run()
10 SYSTEMPATH\Commands\Server\rewrite.php(47): require_once('D:\\KULIAH\\Semester 5\\WEB 2\\latihan1\\public\\index.php')
INFO - 2024-01-17 06:25:28 --> Session: Class initialized using 'CodeIgniter\Session\Handlers\FileHandler' driver.
CRITICAL - 2024-01-17 06:25:28 --> Undefined variable $hitungkasmasukanakyatim
in APPPATH\Views\kasmasuk\v_kasmasuk.php on line 320.
 1 APPPATH\Views\kasmasuk\v_kasmasuk.php(320): CodeIgniter\Debug\Exceptions->errorHandler(2, 'Undefined variable $hitungkasmasukanakyatim', 'D:\\KULIAH\\Semester 5\\WEB 2\\latihan1\\app\\Views\\kasmasuk\\v_kasmasuk.php', 320)
 2 SYSTEMPATH\View\View.php(226): include('D:\\KULIAH\\Semester 5\\WEB 2\\latihan1\\app\\Views\\kasmasuk\\v_kasmasuk.php')
 3 SYSTEMPATH\View\View.php(229): CodeIgniter\View\View->CodeIgniter\View\{closure}()
 4 SYSTEMPATH\Common.php(1188): CodeIgniter\View\View->render('Kasmasuk/v_kasmasuk', [], true)
 5 APPPATH\Controllers\Kasmasuk.php(14): view('Kasmasuk/v_kasmasuk', [...])
 6 SYSTEMPATH\CodeIgniter.php(919): App\Controllers\Kasmasuk->index()
 7 SYSTEMPATH\CodeIgniter.php(494): CodeIgniter\CodeIgniter->runController(Object(App\Controllers\Kasmasuk))
 8 SYSTEMPATH\CodeIgniter.php(353): CodeIgniter\CodeIgniter->handleRequest(null, Object(Config\Cache), false)
 9 FCPATH\index.php(79): CodeIgniter\CodeIgniter->run()
10 SYSTEMPATH\Commands\Server\rewrite.php(47): require_once('D:\\KULIAH\\Semester 5\\WEB 2\\latihan1\\public\\index.php')
INFO - 2024-01-17 06:26:03 --> Session: Class initialized using 'CodeIgniter\Session\Handlers\FileHandler' driver.
CRITICAL - 2024-01-17 06:26:03 --> Undefined variable $hitungkasmasukanakyatim
in APPPATH\Views\kasmasuk\v_kasmasuk.php on line 320.
 1 APPPATH\Views\kasmasuk\v_kasmasuk.php(320): CodeIgniter\Debug\Exceptions->errorHandler(2, 'Undefined variable $hitungkasmasukanakyatim', 'D:\\KULIAH\\Semester 5\\WEB 2\\latihan1\\app\\Views\\kasmasuk\\v_kasmasuk.php', 320)
 2 SYSTEMPATH\View\View.php(226): include('D:\\KULIAH\\Semester 5\\WEB 2\\latihan1\\app\\Views\\kasmasuk\\v_kasmasuk.php')
 3 SYSTEMPATH\View\View.php(229): CodeIgniter\View\View->CodeIgniter\View\{closure}()
 4 SYSTEMPATH\Common.php(1188): CodeIgniter\View\View->render('Kasmasuk/v_kasmasuk', [], true)
 5 APPPATH\Controllers\Kasmasuk.php(14): view('Kasmasuk/v_kasmasuk', [...])
 6 SYSTEMPATH\CodeIgniter.php(919): App\Controllers\Kasmasuk->index()
 7 SYSTEMPATH\CodeIgniter.php(494): CodeIgniter\CodeIgniter->runController(Object(App\Controllers\Kasmasuk))
 8 SYSTEMPATH\CodeIgniter.php(353): CodeIgniter\CodeIgniter->handleRequest(null, Object(Config\Cache), false)
 9 FCPATH\index.php(79): CodeIgniter\CodeIgniter->run()
10 SYSTEMPATH\Commands\Server\rewrite.php(47): require_once('D:\\KULIAH\\Semester 5\\WEB 2\\latihan1\\public\\index.php')
INFO - 2024-01-17 06:28:38 --> Session: Class initialized using 'CodeIgniter\Session\Handlers\FileHandler' driver.
INFO - 2024-01-17 06:29:50 --> Session: Class initialized using 'CodeIgniter\Session\Handlers\FileHandler' driver.
INFO - 2024-01-17 06:30:11 --> Session: Class initialized using 'CodeIgniter\Session\Handlers\FileHandler' driver.
INFO - 2024-01-17 06:31:04 --> Session: Class initialized using 'CodeIgniter\Session\Handlers\FileHandler' driver.
INFO - 2024-01-17 06:32:09 --> Session: Class initialized using 'CodeIgniter\Session\Handlers\FileHandler' driver.
INFO - 2024-01-17 06:32:45 --> Session: Class initialized using 'CodeIgniter\Session\Handlers\FileHandler' driver.
INFO - 2024-01-17 06:33:03 --> Session: Class initialized using 'CodeIgniter\Session\Handlers\FileHandler' driver.
INFO - 2024-01-17 06:33:58 --> Session: Class initialized using 'CodeIgniter\Session\Handlers\FileHandler' driver.
INFO - 2024-01-17 06:36:02 --> Session: Class initialized using 'CodeIgniter\Session\Handlers\FileHandler' driver.
INFO - 2024-01-17 06:36:43 --> Session: Class initialized using 'CodeIgniter\Session\Handlers\FileHandler' driver.
INFO - 2024-01-17 06:37:05 --> Session: Class initialized using 'CodeIgniter\Session\Handlers\FileHandler' driver.
INFO - 2024-01-17 06:37:30 --> Session: Class initialized using 'CodeIgniter\Session\Handlers\FileHandler' driver.
INFO - 2024-01-17 06:57:12 --> Session: Class initialized using 'CodeIgniter\Session\Handlers\FileHandler' driver.
INFO - 2024-01-17 06:57:49 --> Session: Class initialized using 'CodeIgniter\Session\Handlers\FileHandler' driver.
INFO - 2024-01-17 06:57:52 --> Session: Class initialized using 'CodeIgniter\Session\Handlers\FileHandler' driver.
INFO - 2024-01-17 06:57:58 --> Session: Class initialized using 'CodeIgniter\Session\Handlers\FileHandler' driver.
INFO - 2024-01-17 06:59:10 --> Session: Class initialized using 'CodeIgniter\Session\Handlers\FileHandler' driver.
INFO - 2024-01-17 06:59:43 --> Session: Class initialized using 'CodeIgniter\Session\Handlers\FileHandler' driver.
INFO - 2024-01-17 07:00:02 --> Session: Class initialized using 'CodeIgniter\Session\Handlers\FileHandler' driver.
INFO - 2024-01-17 07:00:23 --> Session: Class initialized using 'CodeIgniter\Session\Handlers\FileHandler' driver.
INFO - 2024-01-17 07:01:06 --> Session: Class initialized using 'CodeIgniter\Session\Handlers\FileHandler' driver.
INFO - 2024-01-17 07:01:24 --> Session: Class initialized using 'CodeIgniter\Session\Handlers\FileHandler' driver.
INFO - 2024-01-17 07:02:09 --> Session: Class initialized using 'CodeIgniter\Session\Handlers\FileHandler' driver.
INFO - 2024-01-17 07:02:21 --> Session: Class initialized using 'CodeIgniter\Session\Handlers\FileHandler' driver.
INFO - 2024-01-17 07:04:21 --> Session: Class initialized using 'CodeIgniter\Session\Handlers\FileHandler' driver.
INFO - 2024-01-17 07:05:54 --> Session: Class initialized using 'CodeIgniter\Session\Handlers\FileHandler' driver.
INFO - 2024-01-17 07:06:39 --> Session: Class initialized using 'CodeIgniter\Session\Handlers\FileHandler' driver.
INFO - 2024-01-17 07:07:04 --> Session: Class initialized using 'CodeIgniter\Session\Handlers\FileHandler' driver.
INFO - 2024-01-17 07:07:16 --> Session: Class initialized using 'CodeIgniter\Session\Handlers\FileHandler' driver.
INFO - 2024-01-17 07:07:24 --> Session: Class initialized using 'CodeIgniter\Session\Handlers\FileHandler' driver.
INFO - 2024-01-17 07:08:03 --> Session: Class initialized using 'CodeIgniter\Session\Handlers\FileHandler' driver.
INFO - 2024-01-17 07:08:24 --> Session: Class initialized using 'CodeIgniter\Session\Handlers\FileHandler' driver.
INFO - 2024-01-17 07:08:36 --> Session: Class initialized using 'CodeIgniter\Session\Handlers\FileHandler' driver.
INFO - 2024-01-17 07:08:44 --> Session: Class initialized using 'CodeIgniter\Session\Handlers\FileHandler' driver.
INFO - 2024-01-17 07:09:04 --> Session: Class initialized using 'CodeIgniter\Session\Handlers\FileHandler' driver.
INFO - 2024-01-17 07:09:40 --> Session: Class initialized using 'CodeIgniter\Session\Handlers\FileHandler' driver.
INFO - 2024-01-17 07:10:50 --> Session: Class initialized using 'CodeIgniter\Session\Handlers\FileHandler' driver.
INFO - 2024-01-17 07:10:58 --> Session: Class initialized using 'CodeIgniter\Session\Handlers\FileHandler' driver.
INFO - 2024-01-17 07:11:32 --> Session: Class initialized using 'CodeIgniter\Session\Handlers\FileHandler' driver.
INFO - 2024-01-17 07:11:44 --> Session: Class initialized using 'CodeIgniter\Session\Handlers\FileHandler' driver.
INFO - 2024-01-17 10:22:23 --> Session: Class initialized using 'CodeIgniter\Session\Handlers\FileHandler' driver.
INFO - 2024-01-17 10:22:32 --> Session: Class initialized using 'CodeIgniter\Session\Handlers\FileHandler' driver.
INFO - 2024-01-17 10:22:35 --> Session: Class initialized using 'CodeIgniter\Session\Handlers\FileHandler' driver.
INFO - 2024-01-17 10:24:54 --> Session: Class initialized using 'CodeIgniter\Session\Handlers\FileHandler' driver.
INFO - 2024-01-17 10:25:06 --> Session: Class initialized using 'CodeIgniter\Session\Handlers\FileHandler' driver.
INFO - 2024-01-17 10:27:56 --> Session: Class initialized using 'CodeIgniter\Session\Handlers\FileHandler' driver.
INFO - 2024-01-17 10:28:04 --> Session: Class initialized using 'CodeIgniter\Session\Handlers\FileHandler' driver.
INFO - 2024-01-17 10:28:35 --> Session: Class initialized using 'CodeIgniter\Session\Handlers\FileHandler' driver.
INFO - 2024-01-17 10:28:50 --> Session: Class initialized using 'CodeIgniter\Session\Handlers\FileHandler' driver.
INFO - 2024-01-17 10:28:57 --> Session: Class initialized using 'CodeIgniter\Session\Handlers\FileHandler' driver.
INFO - 2024-01-17 10:30:01 --> Session: Class initialized using 'CodeIgniter\Session\Handlers\FileHandler' driver.
INFO - 2024-01-17 10:30:14 --> Session: Class initialized using 'CodeIgniter\Session\Handlers\FileHandler' driver.
INFO - 2024-01-17 10:30:23 --> Session: Class initialized using 'CodeIgniter\Session\Handlers\FileHandler' driver.
INFO - 2024-01-17 10:30:47 --> Session: Class initialized using 'CodeIgniter\Session\Handlers\FileHandler' driver.
INFO - 2024-01-17 10:30:56 --> Session: Class initialized using 'CodeIgniter\Session\Handlers\FileHandler' driver.
INFO - 2024-01-17 10:30:58 --> Session: Class initialized using 'CodeIgniter\Session\Handlers\FileHandler' driver.
INFO - 2024-01-17 10:31:21 --> Session: Class initialized using 'CodeIgniter\Session\Handlers\FileHandler' driver.
INFO - 2024-01-17 17:16:51 --> Session: Class initialized using 'CodeIgniter\Session\Handlers\FileHandler' driver.
INFO - 2024-01-17 17:16:58 --> Session: Class initialized using 'CodeIgniter\Session\Handlers\FileHandler' driver.
INFO - 2024-01-17 17:17:00 --> Session: Class initialized using 'CodeIgniter\Session\Handlers\FileHandler' driver.
INFO - 2024-01-17 17:17:06 --> Session: Class initialized using 'CodeIgniter\Session\Handlers\FileHandler' driver.
INFO - 2024-01-17 17:17:10 --> Session: Class initialized using 'CodeIgniter\Session\Handlers\FileHandler' driver.
INFO - 2024-01-17 17:17:22 --> Session: Class initialized using 'CodeIgniter\Session\Handlers\FileHandler' driver.
INFO - 2024-01-17 17:17:23 --> Session: Class initialized using 'CodeIgniter\Session\Handlers\FileHandler' driver.
INFO - 2024-01-17 17:17:27 --> Session: Class initialized using 'CodeIgniter\Session\Handlers\FileHandler' driver.
INFO - 2024-01-17 17:17:29 --> Session: Class initialized using 'CodeIgniter\Session\Handlers\FileHandler' driver.
INFO - 2024-01-17 17:17:32 --> Session: Class initialized using 'CodeIgniter\Session\Handlers\FileHandler' driver.
INFO - 2024-01-17 17:17:38 --> Session: Class initialized using 'CodeIgniter\Session\Handlers\FileHandler' driver.
INFO - 2024-01-17 17:17:44 --> Session: Class initialized using 'CodeIgniter\Session\Handlers\FileHandler' driver.
