CRITICAL - 2023-11-20 04:28:01 --> Undefined variable $mode
in APPPATH\Controllers\Pengurus.php on line 31.
 1 APPPATH\Controllers\Pengurus.php(31): CodeIgniter\Debug\Exceptions->errorHandler(2, 'Undefined variable $mode', 'D:\\KULIAH\\Semester 5\\WEB 2\\latihan1\\app\\Controllers\\Pengurus.php', 31)
 2 SYSTEMPATH\CodeIgniter.php(919): App\Controllers\Pengurus->delete()
 3 SYSTEMPATH\CodeIgniter.php(494): CodeIgniter\CodeIgniter->runController(Object(App\Controllers\Pengurus))
 4 SYSTEMPATH\CodeIgniter.php(353): CodeIgniter\CodeIgniter->handleRequest(null, Object(Config\Cache), false)
 5 FCPATH\index.php(79): CodeIgniter\CodeIgniter->run()
 6 SYSTEMPATH\Commands\Server\rewrite.php(47): require_once('D:\\KULIAH\\Semester 5\\WEB 2\\latihan1\\public\\index.php')
CRITICAL - 2023-11-20 04:28:30 --> Undefined variable $query
in APPPATH\Models\ModelPengurus.php on line 21.
 1 APPPATH\Models\ModelPengurus.php(21): CodeIgniter\Debug\Exceptions->errorHandler(2, 'Undefined variable $query', 'D:\\KULIAH\\Semester 5\\WEB 2\\latihan1\\app\\Models\\ModelPengurus.php', 21)
 2 APPPATH\Controllers\Pengurus.php(31): App\Models\ModelPengurus->deletepengurus(null)
 3 SYSTEMPATH\CodeIgniter.php(919): App\Controllers\Pengurus->delete()
 4 SYSTEMPATH\CodeIgniter.php(494): CodeIgniter\CodeIgniter->runController(Object(App\Controllers\Pengurus))
 5 SYSTEMPATH\CodeIgniter.php(353): CodeIgniter\CodeIgniter->handleRequest(null, Object(Config\Cache), false)
 6 FCPATH\index.php(79): CodeIgniter\CodeIgniter->run()
 7 SYSTEMPATH\Commands\Server\rewrite.php(47): require_once('D:\\KULIAH\\Semester 5\\WEB 2\\latihan1\\public\\index.php')
CRITICAL - 2023-11-20 04:33:03 --> Undefined variable $data
in APPPATH\Controllers\Pengurus.php on line 31.
 1 APPPATH\Controllers\Pengurus.php(31): CodeIgniter\Debug\Exceptions->errorHandler(2, 'Undefined variable $data', 'D:\\KULIAH\\Semester 5\\WEB 2\\latihan1\\app\\Controllers\\Pengurus.php', 31)
 2 SYSTEMPATH\CodeIgniter.php(919): App\Controllers\Pengurus->delete()
 3 SYSTEMPATH\CodeIgniter.php(494): CodeIgniter\CodeIgniter->runController(Object(App\Controllers\Pengurus))
 4 SYSTEMPATH\CodeIgniter.php(353): CodeIgniter\CodeIgniter->handleRequest(null, Object(Config\Cache), false)
 5 FCPATH\index.php(79): CodeIgniter\CodeIgniter->run()
 6 SYSTEMPATH\Commands\Server\rewrite.php(47): require_once('D:\\KULIAH\\Semester 5\\WEB 2\\latihan1\\public\\index.php')
CRITICAL - 2023-11-20 04:33:33 --> Undefined variable $id
in APPPATH\Models\ModelPengurus.php on line 20.
 1 APPPATH\Models\ModelPengurus.php(20): CodeIgniter\Debug\Exceptions->errorHandler(2, 'Undefined variable $id', 'D:\\KULIAH\\Semester 5\\WEB 2\\latihan1\\app\\Models\\ModelPengurus.php', 20)
 2 APPPATH\Controllers\Pengurus.php(31): App\Models\ModelPengurus->deletepengurus(null)
 3 SYSTEMPATH\CodeIgniter.php(919): App\Controllers\Pengurus->delete()
 4 SYSTEMPATH\CodeIgniter.php(494): CodeIgniter\CodeIgniter->runController(Object(App\Controllers\Pengurus))
 5 SYSTEMPATH\CodeIgniter.php(353): CodeIgniter\CodeIgniter->handleRequest(null, Object(Config\Cache), false)
 6 FCPATH\index.php(79): CodeIgniter\CodeIgniter->run()
 7 SYSTEMPATH\Commands\Server\rewrite.php(47): require_once('D:\\KULIAH\\Semester 5\\WEB 2\\latihan1\\public\\index.php')
