CRITICAL - 2023-11-06 04:07:47 --> syntax error, unexpected token "}", expecting ";"
in APPPATH\Controllers\quiz.php on line 22.
 1 SYSTEMPATH\Router\Router.php(512): CodeIgniter\Router\AutoRouter->getRoute('/', 'get')
 2 SYSTEMPATH\Router\Router.php(208): CodeIgniter\Router\Router->autoRoute('/')
 3 SYSTEMPATH\CodeIgniter.php(800): CodeIgniter\Router\Router->handle('/')
 4 SYSTEMPATH\CodeIgniter.php(442): CodeIgniter\CodeIgniter->tryToRouteIt(Object(CodeIgniter\Router\RouteCollection))
 5 SYSTEMPATH\CodeIgniter.php(353): CodeIgniter\CodeIgniter->handleRequest(null, Object(Config\Cache), false)
 6 FCPATH\index.php(79): CodeIgniter\CodeIgniter->run()
 7 SYSTEMPATH\Commands\Server\rewrite.php(47): require_once('C:\\xampp\\htdocs\\latihan1\\public\\index.php')
CRITICAL - 2023-11-06 04:08:01 --> Unmatched '}'
in APPPATH\Controllers\quiz.php on line 53.
 1 SYSTEMPATH\Router\Router.php(512): CodeIgniter\Router\AutoRouter->getRoute('/', 'get')
 2 SYSTEMPATH\Router\Router.php(208): CodeIgniter\Router\Router->autoRoute('/')
 3 SYSTEMPATH\CodeIgniter.php(800): CodeIgniter\Router\Router->handle('/')
 4 SYSTEMPATH\CodeIgniter.php(442): CodeIgniter\CodeIgniter->tryToRouteIt(Object(CodeIgniter\Router\RouteCollection))
 5 SYSTEMPATH\CodeIgniter.php(353): CodeIgniter\CodeIgniter->handleRequest(null, Object(Config\Cache), false)
 6 FCPATH\index.php(79): CodeIgniter\CodeIgniter->run()
 7 SYSTEMPATH\Commands\Server\rewrite.php(47): require_once('C:\\xampp\\htdocs\\latihan1\\public\\index.php')
ERROR - 2023-11-06 04:11:11 --> mysqli_sql_exception: Table 'penjualan.sppd' doesn't exist in C:\xampp\htdocs\latihan1\system\Database\MySQLi\Connection.php:306
Stack trace:
#0 C:\xampp\htdocs\latihan1\system\Database\MySQLi\Connection.php(306): mysqli->query('INSERT INTO `sp...', 0)
#1 C:\xampp\htdocs\latihan1\system\Database\BaseConnection.php(692): CodeIgniter\Database\MySQLi\Connection->execute('INSERT INTO `sp...')
#2 C:\xampp\htdocs\latihan1\system\Database\BaseConnection.php(606): CodeIgniter\Database\BaseConnection->simpleQuery('INSERT INTO `sp...')
#3 C:\xampp\htdocs\latihan1\system\Database\BaseBuilder.php(2308): CodeIgniter\Database\BaseConnection->query('INSERT INTO `sp...', Array, false)
#4 C:\xampp\htdocs\latihan1\app\Controllers\Home.php(61): CodeIgniter\Database\BaseBuilder->insert(Array)
#5 C:\xampp\htdocs\latihan1\system\CodeIgniter.php(919): App\Controllers\Home->simpan()
#6 C:\xampp\htdocs\latihan1\system\CodeIgniter.php(494): CodeIgniter\CodeIgniter->runController(Object(App\Controllers\Home))
#7 C:\xampp\htdocs\latihan1\system\CodeIgniter.php(353): CodeIgniter\CodeIgniter->handleRequest(NULL, Object(Config\Cache), false)
#8 C:\xampp\htdocs\latihan1\public\index.php(79): CodeIgniter\CodeIgniter->run()
#9 C:\xampp\htdocs\latihan1\system\Commands\Server\rewrite.php(47): require_once('C:\\xampp\\htdocs...')
#10 {main}
CRITICAL - 2023-11-06 04:11:11 --> Table 'penjualan.sppd' doesn't exist
in SYSTEMPATH\Database\BaseConnection.php on line 646.
 1 SYSTEMPATH\Database\BaseBuilder.php(2308): CodeIgniter\Database\BaseConnection->query('INSERT INTO `sppd` (`kode`, `agenda`, `btransportasi`, `bpenginapan`, `bpokok`, `total`) VALUES (:kode:, :agenda:, :btransportasi:, :bpenginapan:, :bpokok:, :total:)', [...], false)
 2 APPPATH\Controllers\Home.php(61): CodeIgniter\Database\BaseBuilder->insert([...])
 3 SYSTEMPATH\CodeIgniter.php(919): App\Controllers\Home->simpan()
 4 SYSTEMPATH\CodeIgniter.php(494): CodeIgniter\CodeIgniter->runController(Object(App\Controllers\Home))
 5 SYSTEMPATH\CodeIgniter.php(353): CodeIgniter\CodeIgniter->handleRequest(null, Object(Config\Cache), false)
 6 FCPATH\index.php(79): CodeIgniter\CodeIgniter->run()
 7 SYSTEMPATH\Commands\Server\rewrite.php(47): require_once('C:\\xampp\\htdocs\\latihan1\\public\\index.php')
ERROR - 2023-11-06 04:12:14 --> mysqli_sql_exception: Table 'penjualan.sppd' doesn't exist in C:\xampp\htdocs\latihan1\system\Database\MySQLi\Connection.php:306
Stack trace:
#0 C:\xampp\htdocs\latihan1\system\Database\MySQLi\Connection.php(306): mysqli->query('INSERT INTO `sp...', 0)
#1 C:\xampp\htdocs\latihan1\system\Database\BaseConnection.php(692): CodeIgniter\Database\MySQLi\Connection->execute('INSERT INTO `sp...')
#2 C:\xampp\htdocs\latihan1\system\Database\BaseConnection.php(606): CodeIgniter\Database\BaseConnection->simpleQuery('INSERT INTO `sp...')
#3 C:\xampp\htdocs\latihan1\system\Database\BaseBuilder.php(2308): CodeIgniter\Database\BaseConnection->query('INSERT INTO `sp...', Array, false)
#4 C:\xampp\htdocs\latihan1\app\Controllers\Home.php(61): CodeIgniter\Database\BaseBuilder->insert(Array)
#5 C:\xampp\htdocs\latihan1\system\CodeIgniter.php(919): App\Controllers\Home->simpan()
#6 C:\xampp\htdocs\latihan1\system\CodeIgniter.php(494): CodeIgniter\CodeIgniter->runController(Object(App\Controllers\Home))
#7 C:\xampp\htdocs\latihan1\system\CodeIgniter.php(353): CodeIgniter\CodeIgniter->handleRequest(NULL, Object(Config\Cache), false)
#8 C:\xampp\htdocs\latihan1\public\index.php(79): CodeIgniter\CodeIgniter->run()
#9 C:\xampp\htdocs\latihan1\system\Commands\Server\rewrite.php(47): require_once('C:\\xampp\\htdocs...')
#10 {main}
CRITICAL - 2023-11-06 04:12:14 --> Table 'penjualan.sppd' doesn't exist
in SYSTEMPATH\Database\BaseConnection.php on line 646.
 1 SYSTEMPATH\Database\BaseBuilder.php(2308): CodeIgniter\Database\BaseConnection->query('INSERT INTO `sppd` (`kode`, `agenda`, `btransportasi`, `bpenginapan`, `bpokok`, `total`) VALUES (:kode:, :agenda:, :btransportasi:, :bpenginapan:, :bpokok:, :total:)', [...], false)
 2 APPPATH\Controllers\Home.php(61): CodeIgniter\Database\BaseBuilder->insert([...])
 3 SYSTEMPATH\CodeIgniter.php(919): App\Controllers\Home->simpan()
 4 SYSTEMPATH\CodeIgniter.php(494): CodeIgniter\CodeIgniter->runController(Object(App\Controllers\Home))
 5 SYSTEMPATH\CodeIgniter.php(353): CodeIgniter\CodeIgniter->handleRequest(null, Object(Config\Cache), false)
 6 FCPATH\index.php(79): CodeIgniter\CodeIgniter->run()
 7 SYSTEMPATH\Commands\Server\rewrite.php(47): require_once('C:\\xampp\\htdocs\\latihan1\\public\\index.php')
CRITICAL - 2023-11-06 04:13:32 --> Undefined variable $sppdok
in APPPATH\Views\tampilsppd.php on line 14.
 1 APPPATH\Views\tampilsppd.php(14): CodeIgniter\Debug\Exceptions->errorHandler(2, 'Undefined variable $sppdok', 'C:\\xampp\\htdocs\\latihan1\\app\\Views\\tampilsppd.php', 14)
 2 SYSTEMPATH\View\View.php(226): include('C:\\xampp\\htdocs\\latihan1\\app\\Views\\tampilsppd.php')
 3 SYSTEMPATH\View\View.php(229): CodeIgniter\View\View->CodeIgniter\View\{closure}()
 4 SYSTEMPATH\Common.php(1188): CodeIgniter\View\View->render('tampilsppd', [], true)
 5 APPPATH\Controllers\quiz.php(50): view('tampilsppd', [...])
 6 SYSTEMPATH\CodeIgniter.php(919): App\Controllers\quiz->tampil()
 7 SYSTEMPATH\CodeIgniter.php(494): CodeIgniter\CodeIgniter->runController(Object(App\Controllers\quiz))
 8 SYSTEMPATH\CodeIgniter.php(353): CodeIgniter\CodeIgniter->handleRequest(null, Object(Config\Cache), false)
 9 FCPATH\index.php(79): CodeIgniter\CodeIgniter->run()
10 SYSTEMPATH\Commands\Server\rewrite.php(47): require_once('C:\\xampp\\htdocs\\latihan1\\public\\index.php')
CRITICAL - 2023-11-06 04:15:44 --> Undefined variable $sppdok
in APPPATH\Views\tampilsppd.php on line 14.
 1 APPPATH\Views\tampilsppd.php(14): CodeIgniter\Debug\Exceptions->errorHandler(2, 'Undefined variable $sppdok', 'C:\\xampp\\htdocs\\latihan1\\app\\Views\\tampilsppd.php', 14)
 2 SYSTEMPATH\View\View.php(226): include('C:\\xampp\\htdocs\\latihan1\\app\\Views\\tampilsppd.php')
 3 SYSTEMPATH\View\View.php(229): CodeIgniter\View\View->CodeIgniter\View\{closure}()
 4 SYSTEMPATH\Common.php(1188): CodeIgniter\View\View->render('tampilsppd', [], true)
 5 APPPATH\Controllers\quiz.php(50): view('tampilsppd', [...])
 6 SYSTEMPATH\CodeIgniter.php(919): App\Controllers\quiz->tampil1()
 7 SYSTEMPATH\CodeIgniter.php(494): CodeIgniter\CodeIgniter->runController(Object(App\Controllers\quiz))
 8 SYSTEMPATH\CodeIgniter.php(353): CodeIgniter\CodeIgniter->handleRequest(null, Object(Config\Cache), false)
 9 FCPATH\index.php(79): CodeIgniter\CodeIgniter->run()
10 SYSTEMPATH\Commands\Server\rewrite.php(47): require_once('C:\\xampp\\htdocs\\latihan1\\public\\index.php')
CRITICAL - 2023-11-06 04:17:44 --> Undefined array key "kode"
in APPPATH\Views\tampilquiz.php on line 15.
 1 APPPATH\Views\tampilquiz.php(15): CodeIgniter\Debug\Exceptions->errorHandler(2, 'Undefined array key "kode"', 'C:\\xampp\\htdocs\\latihan1\\app\\Views\\tampilquiz.php', 15)
 2 SYSTEMPATH\View\View.php(226): include('C:\\xampp\\htdocs\\latihan1\\app\\Views\\tampilquiz.php')
 3 SYSTEMPATH\View\View.php(229): CodeIgniter\View\View->CodeIgniter\View\{closure}()
 4 SYSTEMPATH\Common.php(1188): CodeIgniter\View\View->render('tampilquiz', [], true)
 5 APPPATH\Controllers\quiz.php(50): view('tampilquiz', [...])
 6 SYSTEMPATH\CodeIgniter.php(919): App\Controllers\quiz->tampil1()
 7 SYSTEMPATH\CodeIgniter.php(494): CodeIgniter\CodeIgniter->runController(Object(App\Controllers\quiz))
 8 SYSTEMPATH\CodeIgniter.php(353): CodeIgniter\CodeIgniter->handleRequest(null, Object(Config\Cache), false)
 9 FCPATH\index.php(79): CodeIgniter\CodeIgniter->run()
10 SYSTEMPATH\Commands\Server\rewrite.php(47): require_once('C:\\xampp\\htdocs\\latihan1\\public\\index.php')
ERROR - 2023-11-06 04:21:08 --> mysqli_sql_exception: Duplicate entry 'K001' for key 'PRIMARY' in C:\xampp\htdocs\latihan1\system\Database\MySQLi\Connection.php:306
Stack trace:
#0 C:\xampp\htdocs\latihan1\system\Database\MySQLi\Connection.php(306): mysqli->query('INSERT INTO `ba...', 0)
#1 C:\xampp\htdocs\latihan1\system\Database\BaseConnection.php(692): CodeIgniter\Database\MySQLi\Connection->execute('INSERT INTO `ba...')
#2 C:\xampp\htdocs\latihan1\system\Database\BaseConnection.php(606): CodeIgniter\Database\BaseConnection->simpleQuery('INSERT INTO `ba...')
#3 C:\xampp\htdocs\latihan1\system\Database\BaseBuilder.php(2308): CodeIgniter\Database\BaseConnection->query('INSERT INTO `ba...', Array, false)
#4 C:\xampp\htdocs\latihan1\app\Controllers\quiz.php(32): CodeIgniter\Database\BaseBuilder->insert(Array)
#5 C:\xampp\htdocs\latihan1\system\CodeIgniter.php(919): App\Controllers\quiz->simpan1()
#6 C:\xampp\htdocs\latihan1\system\CodeIgniter.php(494): CodeIgniter\CodeIgniter->runController(Object(App\Controllers\quiz))
#7 C:\xampp\htdocs\latihan1\system\CodeIgniter.php(353): CodeIgniter\CodeIgniter->handleRequest(NULL, Object(Config\Cache), false)
#8 C:\xampp\htdocs\latihan1\public\index.php(79): CodeIgniter\CodeIgniter->run()
#9 C:\xampp\htdocs\latihan1\system\Commands\Server\rewrite.php(47): require_once('C:\\xampp\\htdocs...')
#10 {main}
CRITICAL - 2023-11-06 04:21:08 --> Duplicate entry 'K001' for key 'PRIMARY'
in SYSTEMPATH\Database\BaseConnection.php on line 646.
 1 SYSTEMPATH\Database\BaseBuilder.php(2308): CodeIgniter\Database\BaseConnection->query('INSERT INTO `baju` (`kodebaju`, `jenis`, `harga`, `jumlah`, `total`) VALUES (:kodebaju:, :jenis:, :harga:, :jumlah:, :total:)', [...], false)
 2 APPPATH\Controllers\quiz.php(32): CodeIgniter\Database\BaseBuilder->insert([...])
 3 SYSTEMPATH\CodeIgniter.php(919): App\Controllers\quiz->simpan1()
 4 SYSTEMPATH\CodeIgniter.php(494): CodeIgniter\CodeIgniter->runController(Object(App\Controllers\quiz))
 5 SYSTEMPATH\CodeIgniter.php(353): CodeIgniter\CodeIgniter->handleRequest(null, Object(Config\Cache), false)
 6 FCPATH\index.php(79): CodeIgniter\CodeIgniter->run()
 7 SYSTEMPATH\Commands\Server\rewrite.php(47): require_once('C:\\xampp\\htdocs\\latihan1\\public\\index.php')
