CRITICAL - 2023-11-15 04:18:38 --> Class "App\Controllers\ModelPengeurus" not found
in APPPATH\Controllers\pengurus.php on line 11.
 1 SYSTEMPATH\CodeIgniter.php(919): App\Controllers\pengurus->index()
 2 SYSTEMPATH\CodeIgniter.php(494): CodeIgniter\CodeIgniter->runController(Object(App\Controllers\pengurus))
 3 SYSTEMPATH\CodeIgniter.php(353): CodeIgniter\CodeIgniter->handleRequest(null, Object(Config\Cache), false)
 4 FCPATH\index.php(79): CodeIgniter\CodeIgniter->run()
 5 SYSTEMPATH\Commands\Server\rewrite.php(47): require_once('D:\\KULIAH\\Semester 5\\WEB 2\\latihan1\\public\\index.php')
CRITICAL - 2023-11-15 04:19:08 --> Class "App\Models\ModelPengurus" not found
in APPPATH\Controllers\pengurus.php on line 11.
 1 SYSTEMPATH\CodeIgniter.php(919): App\Controllers\pengurus->index()
 2 SYSTEMPATH\CodeIgniter.php(494): CodeIgniter\CodeIgniter->runController(Object(App\Controllers\pengurus))
 3 SYSTEMPATH\CodeIgniter.php(353): CodeIgniter\CodeIgniter->handleRequest(null, Object(Config\Cache), false)
 4 FCPATH\index.php(79): CodeIgniter\CodeIgniter->run()
 5 SYSTEMPATH\Commands\Server\rewrite.php(47): require_once('D:\\KULIAH\\Semester 5\\WEB 2\\latihan1\\public\\index.php')
CRITICAL - 2023-11-15 04:19:39 --> Class "App\Models\Models" not found
in APPPATH\Models\ModelPengurus.php on line 7.
 1 SYSTEMPATH\Autoloader\Autoloader.php(306): include_once()
 2 SYSTEMPATH\Autoloader\Autoloader.php(285): CodeIgniter\Autoloader\Autoloader->includeFile('D:\\KULIAH\\Semester 5\\WEB 2\\latihan1\\app\\Models\\ModelPengurus.php')
 3 SYSTEMPATH\Autoloader\Autoloader.php(263): CodeIgniter\Autoloader\Autoloader->loadInNamespace('App\\Models\\ModelPengurus')
 4 APPPATH\Controllers\pengurus.php(11): CodeIgniter\Autoloader\Autoloader->loadClass('App\\Models\\ModelPengurus')
 5 SYSTEMPATH\CodeIgniter.php(919): App\Controllers\pengurus->index()
 6 SYSTEMPATH\CodeIgniter.php(494): CodeIgniter\CodeIgniter->runController(Object(App\Controllers\pengurus))
 7 SYSTEMPATH\CodeIgniter.php(353): CodeIgniter\CodeIgniter->handleRequest(null, Object(Config\Cache), false)
 8 FCPATH\index.php(79): CodeIgniter\CodeIgniter->run()
 9 SYSTEMPATH\Commands\Server\rewrite.php(47): require_once('D:\\KULIAH\\Semester 5\\WEB 2\\latihan1\\public\\index.php')
CRITICAL - 2023-11-15 04:21:39 --> Class "App\Models\ModelPengurus" not found
in APPPATH\Controllers\pengurus.php on line 11.
 1 SYSTEMPATH\CodeIgniter.php(919): App\Controllers\pengurus->index()
 2 SYSTEMPATH\CodeIgniter.php(494): CodeIgniter\CodeIgniter->runController(Object(App\Controllers\pengurus))
 3 SYSTEMPATH\CodeIgniter.php(353): CodeIgniter\CodeIgniter->handleRequest(null, Object(Config\Cache), false)
 4 FCPATH\index.php(79): CodeIgniter\CodeIgniter->run()
 5 SYSTEMPATH\Commands\Server\rewrite.php(47): require_once('D:\\KULIAH\\Semester 5\\WEB 2\\latihan1\\public\\index.php')
CRITICAL - 2023-11-15 04:21:41 --> Class "App\Models\ModelPengurus" not found
in APPPATH\Controllers\pengurus.php on line 11.
 1 SYSTEMPATH\CodeIgniter.php(919): App\Controllers\pengurus->index()
 2 SYSTEMPATH\CodeIgniter.php(494): CodeIgniter\CodeIgniter->runController(Object(App\Controllers\pengurus))
 3 SYSTEMPATH\CodeIgniter.php(353): CodeIgniter\CodeIgniter->handleRequest(null, Object(Config\Cache), false)
 4 FCPATH\index.php(79): CodeIgniter\CodeIgniter->run()
 5 SYSTEMPATH\Commands\Server\rewrite.php(47): require_once('D:\\KULIAH\\Semester 5\\WEB 2\\latihan1\\public\\index.php')
CRITICAL - 2023-11-15 04:22:24 --> Call to undefined method App\Controllers\pengurus::getPengurus()
in APPPATH\Controllers\pengurus.php on line 12.
 1 SYSTEMPATH\CodeIgniter.php(919): App\Controllers\pengurus->index()
 2 SYSTEMPATH\CodeIgniter.php(494): CodeIgniter\CodeIgniter->runController(Object(App\Controllers\pengurus))
 3 SYSTEMPATH\CodeIgniter.php(353): CodeIgniter\CodeIgniter->handleRequest(null, Object(Config\Cache), false)
 4 FCPATH\index.php(79): CodeIgniter\CodeIgniter->run()
 5 SYSTEMPATH\Commands\Server\rewrite.php(47): require_once('D:\\KULIAH\\Semester 5\\WEB 2\\latihan1\\public\\index.php')
CRITICAL - 2023-11-15 04:22:34 --> Call to undefined method App\Controllers\pengurus::getpengurus()
in APPPATH\Controllers\pengurus.php on line 12.
 1 SYSTEMPATH\CodeIgniter.php(919): App\Controllers\pengurus->index()
 2 SYSTEMPATH\CodeIgniter.php(494): CodeIgniter\CodeIgniter->runController(Object(App\Controllers\pengurus))
 3 SYSTEMPATH\CodeIgniter.php(353): CodeIgniter\CodeIgniter->handleRequest(null, Object(Config\Cache), false)
 4 FCPATH\index.php(79): CodeIgniter\CodeIgniter->run()
 5 SYSTEMPATH\Commands\Server\rewrite.php(47): require_once('D:\\KULIAH\\Semester 5\\WEB 2\\latihan1\\public\\index.php')
CRITICAL - 2023-11-15 04:23:50 --> Call to undefined method App\Controllers\Pengurus::getPengurus()
in APPPATH\Controllers\Pengurus.php on line 12.
 1 SYSTEMPATH\CodeIgniter.php(919): App\Controllers\Pengurus->index()
 2 SYSTEMPATH\CodeIgniter.php(494): CodeIgniter\CodeIgniter->runController(Object(App\Controllers\Pengurus))
 3 SYSTEMPATH\CodeIgniter.php(353): CodeIgniter\CodeIgniter->handleRequest(null, Object(Config\Cache), false)
 4 FCPATH\index.php(79): CodeIgniter\CodeIgniter->run()
 5 SYSTEMPATH\Commands\Server\rewrite.php(47): require_once('D:\\KULIAH\\Semester 5\\WEB 2\\latihan1\\public\\index.php')
ERROR - 2023-11-15 04:24:18 --> mysqli_sql_exception: Table 'penjualan.tbl_pengurus' doesn't exist in D:\KULIAH\Semester 5\WEB 2\latihan1\system\Database\MySQLi\Connection.php:306
Stack trace:
#0 D:\KULIAH\Semester 5\WEB 2\latihan1\system\Database\MySQLi\Connection.php(306): mysqli->query('SELECT *\nFROM `...', 0)
#1 D:\KULIAH\Semester 5\WEB 2\latihan1\system\Database\BaseConnection.php(692): CodeIgniter\Database\MySQLi\Connection->execute('SELECT *\nFROM `...')
#2 D:\KULIAH\Semester 5\WEB 2\latihan1\system\Database\BaseConnection.php(606): CodeIgniter\Database\BaseConnection->simpleQuery('SELECT *\nFROM `...')
#3 D:\KULIAH\Semester 5\WEB 2\latihan1\system\Database\BaseBuilder.php(1615): CodeIgniter\Database\BaseConnection->query('SELECT *\nFROM `...', Array, false)
#4 D:\KULIAH\Semester 5\WEB 2\latihan1\app\Models\ModelPengurus.php(12): CodeIgniter\Database\BaseBuilder->get()
#5 D:\KULIAH\Semester 5\WEB 2\latihan1\app\Controllers\Pengurus.php(12): App\Models\ModelPengurus->getPengurus()
#6 D:\KULIAH\Semester 5\WEB 2\latihan1\system\CodeIgniter.php(919): App\Controllers\Pengurus->index()
#7 D:\KULIAH\Semester 5\WEB 2\latihan1\system\CodeIgniter.php(494): CodeIgniter\CodeIgniter->runController(Object(App\Controllers\Pengurus))
#8 D:\KULIAH\Semester 5\WEB 2\latihan1\system\CodeIgniter.php(353): CodeIgniter\CodeIgniter->handleRequest(NULL, Object(Config\Cache), false)
#9 D:\KULIAH\Semester 5\WEB 2\latihan1\public\index.php(79): CodeIgniter\CodeIgniter->run()
#10 D:\KULIAH\Semester 5\WEB 2\latihan1\system\Commands\Server\rewrite.php(47): require_once('D:\\KULIAH\\Semes...')
#11 {main}
CRITICAL - 2023-11-15 04:24:18 --> Table 'penjualan.tbl_pengurus' doesn't exist
in SYSTEMPATH\Database\BaseConnection.php on line 646.
 1 SYSTEMPATH\Database\BaseBuilder.php(1615): CodeIgniter\Database\BaseConnection->query('SELECT *
FROM `tbl_pengurus`', [], false)
 2 APPPATH\Models\ModelPengurus.php(12): CodeIgniter\Database\BaseBuilder->get()
 3 APPPATH\Controllers\Pengurus.php(12): App\Models\ModelPengurus->getPengurus()
 4 SYSTEMPATH\CodeIgniter.php(919): App\Controllers\Pengurus->index()
 5 SYSTEMPATH\CodeIgniter.php(494): CodeIgniter\CodeIgniter->runController(Object(App\Controllers\Pengurus))
 6 SYSTEMPATH\CodeIgniter.php(353): CodeIgniter\CodeIgniter->handleRequest(null, Object(Config\Cache), false)
 7 FCPATH\index.php(79): CodeIgniter\CodeIgniter->run()
 8 SYSTEMPATH\Commands\Server\rewrite.php(47): require_once('D:\\KULIAH\\Semester 5\\WEB 2\\latihan1\\public\\index.php')
CRITICAL - 2023-11-15 04:25:11 --> Undefined property: CodeIgniter\View\View::$extend
in APPPATH\Views\pengurus\v_pengurus.php on line 2.
 1 APPPATH\Views\pengurus\v_pengurus.php(2): CodeIgniter\Debug\Exceptions->errorHandler(2, 'Undefined property: CodeIgniter\\View\\View::$extend', 'D:\\KULIAH\\Semester 5\\WEB 2\\latihan1\\app\\Views\\pengurus\\v_pengurus.php', 2)
 2 SYSTEMPATH\View\View.php(226): include('D:\\KULIAH\\Semester 5\\WEB 2\\latihan1\\app\\Views\\pengurus\\v_pengurus.php')
 3 SYSTEMPATH\View\View.php(229): CodeIgniter\View\View->CodeIgniter\View\{closure}()
 4 SYSTEMPATH\Common.php(1188): CodeIgniter\View\View->render('pengurus/v_pengurus', [], true)
 5 APPPATH\Controllers\Pengurus.php(13): view('pengurus/v_pengurus', [...])
 6 SYSTEMPATH\CodeIgniter.php(919): App\Controllers\Pengurus->index()
 7 SYSTEMPATH\CodeIgniter.php(494): CodeIgniter\CodeIgniter->runController(Object(App\Controllers\Pengurus))
 8 SYSTEMPATH\CodeIgniter.php(353): CodeIgniter\CodeIgniter->handleRequest(null, Object(Config\Cache), false)
 9 FCPATH\index.php(79): CodeIgniter\CodeIgniter->run()
10 SYSTEMPATH\Commands\Server\rewrite.php(47): require_once('D:\\KULIAH\\Semester 5\\WEB 2\\latihan1\\public\\index.php')
CRITICAL - 2023-11-15 07:09:53 --> Undefined variable $pengurus
in APPPATH\Views\user\v_user.php on line 47.
 1 APPPATH\Views\user\v_user.php(47): CodeIgniter\Debug\Exceptions->errorHandler(2, 'Undefined variable $pengurus', 'D:\\KULIAH\\Semester 5\\WEB 2\\latihan1\\app\\Views\\user\\v_user.php', 47)
 2 SYSTEMPATH\View\View.php(226): include('D:\\KULIAH\\Semester 5\\WEB 2\\latihan1\\app\\Views\\user\\v_user.php')
 3 SYSTEMPATH\View\View.php(229): CodeIgniter\View\View->CodeIgniter\View\{closure}()
 4 SYSTEMPATH\Common.php(1188): CodeIgniter\View\View->render('user/v_user', [], true)
 5 APPPATH\Controllers\User.php(13): view('user/v_user', [...])
 6 SYSTEMPATH\CodeIgniter.php(919): App\Controllers\User->index()
 7 SYSTEMPATH\CodeIgniter.php(494): CodeIgniter\CodeIgniter->runController(Object(App\Controllers\User))
 8 SYSTEMPATH\CodeIgniter.php(353): CodeIgniter\CodeIgniter->handleRequest(null, Object(Config\Cache), false)
 9 FCPATH\index.php(79): CodeIgniter\CodeIgniter->run()
10 SYSTEMPATH\Commands\Server\rewrite.php(47): require_once('D:\\KULIAH\\Semester 5\\WEB 2\\latihan1\\public\\index.php')
